{"/home/travis/build/npmtest/node-npmtest-http-master/test.js":{"path":"/home/travis/build/npmtest/node-npmtest-http-master/test.js","s":{"1":2,"2":2,"3":2,"4":2,"5":2,"6":2,"7":2,"8":1,"9":2,"10":2,"11":1,"12":1,"13":1,"14":1,"15":2,"16":2,"17":2,"18":2,"19":1,"20":1,"21":2,"22":2,"23":2,"24":1,"25":1,"26":1,"27":1,"28":1,"29":1,"30":1,"31":1,"32":1,"33":1,"34":1,"35":1,"36":1,"37":1,"38":1,"39":2,"40":2,"41":1,"42":2,"43":2,"44":1,"45":2,"46":2,"47":1,"48":2,"49":2,"50":1,"51":1,"52":1,"53":1,"54":1},"b":{"1":[2,1,1,1],"2":[1,1,1,1],"3":[1,1],"4":[1,1],"5":[1,1],"6":[1,1],"7":[1,1],"8":[1,1],"9":[1,1],"10":[1,1,1],"11":[1,1],"12":[1,1],"13":[1,1],"14":[1,1],"15":[1,1],"16":[1,1],"17":[1,1]},"f":{"1":2,"2":2,"3":2,"4":2,"5":2,"6":1,"7":1,"8":1,"9":2,"10":2,"11":2,"12":2,"13":1},"fnMap":{"1":{"name":"(anonymous_1)","line":12,"loc":{"start":{"line":12,"column":1},"end":{"line":12,"column":13}}},"2":{"name":"(anonymous_2)","line":19,"loc":{"start":{"line":19,"column":5},"end":{"line":19,"column":17}}},"3":{"name":"(anonymous_3)","line":23,"loc":{"start":{"line":23,"column":24},"end":{"line":23,"column":36}}},"4":{"name":"(anonymous_4)","line":61,"loc":{"start":{"line":61,"column":5},"end":{"line":61,"column":17}}},"5":{"name":"(anonymous_5)","line":82,"loc":{"start":{"line":82,"column":5},"end":{"line":82,"column":17}}},"6":{"name":"(anonymous_6)","line":91,"loc":{"start":{"line":91,"column":77},"end":{"line":94,"column":10}}},"7":{"name":"(anonymous_7)","line":112,"loc":{"start":{"line":112,"column":83},"end":{"line":115,"column":10}},"skip":true},"8":{"name":"(anonymous_8)","line":123,"loc":{"start":{"line":123,"column":77},"end":{"line":126,"column":10}},"skip":true},"9":{"name":"(anonymous_9)","line":139,"loc":{"start":{"line":139,"column":12},"end":{"line":139,"column":40}},"skip":true},"10":{"name":"(anonymous_10)","line":147,"loc":{"start":{"line":147,"column":77},"end":{"line":150,"column":10}},"skip":true},"11":{"name":"(anonymous_11)","line":158,"loc":{"start":{"line":158,"column":83},"end":{"line":161,"column":10}},"skip":true},"12":{"name":"(anonymous_12)","line":169,"loc":{"start":{"line":169,"column":79},"end":{"line":172,"column":10}},"skip":true},"13":{"name":"(anonymous_13)","line":180,"loc":{"start":{"line":180,"column":75},"end":{"line":183,"column":10}},"skip":true}},"statementMap":{"1":{"start":{"line":12,"column":0},"end":{"line":195,"column":5}},"2":{"start":{"line":14,"column":4},"end":{"line":14,"column":14}},"3":{"start":{"line":19,"column":4},"end":{"line":56,"column":9}},"4":{"start":{"line":21,"column":8},"end":{"line":21,"column":19}},"5":{"start":{"line":23,"column":8},"end":{"line":35,"column":13}},"6":{"start":{"line":24,"column":12},"end":{"line":34,"column":13}},"7":{"start":{"line":25,"column":16},"end":{"line":28,"column":30}},"8":{"start":{"line":30,"column":16},"end":{"line":33,"column":27}},"9":{"start":{"line":37,"column":8},"end":{"line":39,"column":21}},"10":{"start":{"line":40,"column":8},"end":{"line":53,"column":9}},"11":{"start":{"line":43,"column":12},"end":{"line":46,"column":14}},"12":{"start":{"line":47,"column":12},"end":{"line":47,"column":18}},"13":{"start":{"line":50,"column":12},"end":{"line":51,"column":33}},"14":{"start":{"line":52,"column":12},"end":{"line":52,"column":18}},"15":{"start":{"line":55,"column":8},"end":{"line":55,"column":35}},"16":{"start":{"line":61,"column":4},"end":{"line":63,"column":9}},"17":{"start":{"line":62,"column":8},"end":{"line":62,"column":15}},"18":{"start":{"line":64,"column":4},"end":{"line":77,"column":5}},"19":{"start":{"line":70,"column":8},"end":{"line":70,"column":14}},"20":{"start":{"line":76,"column":8},"end":{"line":76,"column":14}},"21":{"start":{"line":82,"column":4},"end":{"line":84,"column":9}},"22":{"start":{"line":83,"column":8},"end":{"line":83,"column":15}},"23":{"start":{"line":85,"column":4},"end":{"line":194,"column":5}},"24":{"start":{"line":91,"column":8},"end":{"line":99,"column":10}},"25":{"start":{"line":98,"column":12},"end":{"line":98,"column":35}},"26":{"start":{"line":102,"column":8},"end":{"line":104,"column":63}},"27":{"start":{"line":105,"column":8},"end":{"line":105,"column":14}},"28":{"start":{"line":112,"column":8},"end":{"line":121,"column":10},"skip":true},"29":{"start":{"line":119,"column":12},"end":{"line":119,"column":55},"skip":true},"30":{"start":{"line":120,"column":12},"end":{"line":120,"column":48},"skip":true},"31":{"start":{"line":123,"column":8},"end":{"line":136,"column":10},"skip":true},"32":{"start":{"line":130,"column":12},"end":{"line":130,"column":76},"skip":true},"33":{"start":{"line":131,"column":12},"end":{"line":131,"column":73},"skip":true},"34":{"start":{"line":132,"column":12},"end":{"line":132,"column":74},"skip":true},"35":{"start":{"line":133,"column":12},"end":{"line":133,"column":79},"skip":true},"36":{"start":{"line":134,"column":12},"end":{"line":134,"column":25},"skip":true},"37":{"start":{"line":135,"column":12},"end":{"line":135,"column":45},"skip":true},"38":{"start":{"line":138,"column":8},"end":{"line":145,"column":14},"skip":true},"39":{"start":{"line":143,"column":16},"end":{"line":143,"column":29},"skip":true},"40":{"start":{"line":144,"column":16},"end":{"line":144,"column":55},"skip":true},"41":{"start":{"line":147,"column":8},"end":{"line":156,"column":10},"skip":true},"42":{"start":{"line":154,"column":12},"end":{"line":154,"column":25},"skip":true},"43":{"start":{"line":155,"column":12},"end":{"line":155,"column":45},"skip":true},"44":{"start":{"line":158,"column":8},"end":{"line":167,"column":10},"skip":true},"45":{"start":{"line":165,"column":12},"end":{"line":165,"column":25},"skip":true},"46":{"start":{"line":166,"column":12},"end":{"line":166,"column":48},"skip":true},"47":{"start":{"line":169,"column":8},"end":{"line":178,"column":10},"skip":true},"48":{"start":{"line":176,"column":12},"end":{"line":176,"column":25},"skip":true},"49":{"start":{"line":177,"column":12},"end":{"line":177,"column":46},"skip":true},"50":{"start":{"line":180,"column":8},"end":{"line":189,"column":10},"skip":true},"51":{"start":{"line":187,"column":12},"end":{"line":187,"column":94},"skip":true},"52":{"start":{"line":188,"column":12},"end":{"line":188,"column":48},"skip":true},"53":{"start":{"line":192,"column":8},"end":{"line":192,"column":35},"skip":true},"54":{"start":{"line":193,"column":8},"end":{"line":193,"column":14},"skip":true}},"branchMap":{"1":{"line":25,"type":"binary-expr","locations":[{"start":{"line":25,"column":23},"end":{"line":25,"column":62}},{"start":{"line":26,"column":20},"end":{"line":26,"column":70}},{"start":{"line":27,"column":20},"end":{"line":27,"column":71}},{"start":{"line":28,"column":20},"end":{"line":28,"column":29}}]},"2":{"line":30,"type":"binary-expr","locations":[{"start":{"line":30,"column":23},"end":{"line":30,"column":37}},{"start":{"line":31,"column":20},"end":{"line":31,"column":61}},{"start":{"line":32,"column":20},"end":{"line":32,"column":70}},{"start":{"line":33,"column":20},"end":{"line":33,"column":26}}]},"3":{"line":37,"type":"cond-expr","locations":[{"start":{"line":38,"column":14},"end":{"line":38,"column":20}},{"start":{"line":39,"column":14},"end":{"line":39,"column":20}}]},"4":{"line":40,"type":"switch","locations":[{"start":{"line":42,"column":8},"end":{"line":47,"column":18}},{"start":{"line":49,"column":8},"end":{"line":52,"column":18}}]},"5":{"line":44,"type":"binary-expr","locations":[{"start":{"line":44,"column":16},"end":{"line":44,"column":44}},{"start":{"line":44,"column":48},"end":{"line":44,"column":66}}]},"6":{"line":50,"type":"binary-expr","locations":[{"start":{"line":50,"column":21},"end":{"line":50,"column":49}},{"start":{"line":50,"column":53},"end":{"line":50,"column":72}}]},"7":{"line":64,"type":"switch","locations":[{"start":{"line":69,"column":4},"end":{"line":70,"column":14}},{"start":{"line":75,"column":4},"end":{"line":76,"column":14}}]},"8":{"line":85,"type":"switch","locations":[{"start":{"line":90,"column":4},"end":{"line":105,"column":14}},{"start":{"line":111,"column":4},"end":{"line":193,"column":14},"skip":true}]},"9":{"line":91,"type":"binary-expr","locations":[{"start":{"line":91,"column":42},"end":{"line":91,"column":73}},{"start":{"line":91,"column":77},"end":{"line":99,"column":9}}]},"10":{"line":102,"type":"binary-expr","locations":[{"start":{"line":102,"column":18},"end":{"line":102,"column":32}},{"start":{"line":103,"column":12},"end":{"line":103,"column":53}},{"start":{"line":104,"column":12},"end":{"line":104,"column":61}}]},"11":{"line":112,"type":"binary-expr","locations":[{"start":{"line":112,"column":45},"end":{"line":112,"column":79},"skip":true},{"start":{"line":112,"column":83},"end":{"line":121,"column":9},"skip":true}]},"12":{"line":123,"type":"binary-expr","locations":[{"start":{"line":123,"column":42},"end":{"line":123,"column":73},"skip":true},{"start":{"line":123,"column":77},"end":{"line":136,"column":9},"skip":true}]},"13":{"line":138,"type":"binary-expr","locations":[{"start":{"line":138,"column":48},"end":{"line":138,"column":85},"skip":true},{"start":{"line":139,"column":12},"end":{"line":145,"column":13},"skip":true}]},"14":{"line":147,"type":"binary-expr","locations":[{"start":{"line":147,"column":42},"end":{"line":147,"column":73},"skip":true},{"start":{"line":147,"column":77},"end":{"line":156,"column":9},"skip":true}]},"15":{"line":158,"type":"binary-expr","locations":[{"start":{"line":158,"column":45},"end":{"line":158,"column":79},"skip":true},{"start":{"line":158,"column":83},"end":{"line":167,"column":9},"skip":true}]},"16":{"line":169,"type":"binary-expr","locations":[{"start":{"line":169,"column":43},"end":{"line":169,"column":75},"skip":true},{"start":{"line":169,"column":79},"end":{"line":178,"column":9},"skip":true}]},"17":{"line":180,"type":"binary-expr","locations":[{"start":{"line":180,"column":41},"end":{"line":180,"column":71},"skip":true},{"start":{"line":180,"column":75},"end":{"line":189,"column":9},"skip":true}]}},"code":["/* istanbul instrument in package npmtest_http_master */","/*jslint","    bitwise: true,","    browser: true,","    maxerr: 8,","    maxlen: 96,","    node: true,","    nomen: true,","    regexp: true,","    stupid: true","*/","(function () {","    'use strict';","    var local;","","","","    // run shared js-env code - init-before","    (function () {","        // init local","        local = {};","        // init modeJs","        local.modeJs = (function () {","            try {","                return typeof navigator.userAgent === 'string' &&","                    typeof document.querySelector('body') === 'object' &&","                    typeof XMLHttpRequest.prototype.open === 'function' &&","                    'browser';","            } catch (errorCaughtBrowser) {","                return module.exports &&","                    typeof process.versions.node === 'string' &&","                    typeof require('http').createServer === 'function' &&","                    'node';","            }","        }());","        // init global","        local.global = local.modeJs === 'browser'","            ? window","            : global;","        switch (local.modeJs) {","        // re-init local from window.local","        case 'browser':","            local = local.global.utility2.objectSetDefault(","                local.global.utility2_rollup || local.global.local,","                local.global.utility2","            );","            break;","        // re-init local from example.js","        case 'node':","            local = (local.global.utility2_rollup || require('utility2'))","                .requireReadme();","            break;","        }","        // export local","        local.global.local = local;","    }());","","","","    // run shared js-env code - function","    (function () {","        return;","    }());","    switch (local.modeJs) {","","","","    // run browser js-env code - function","    case 'browser':","        break;","","","","    // run node js-env code - function","    case 'node':","        break;","    }","","","","    // run shared js-env code - init-after","    (function () {","        return;","    }());","    switch (local.modeJs) {","","","","    // run browser js-env code - init-after","    case 'browser':","        local.testCase_browser_nullCase = local.testCase_browser_nullCase || function (","            options,","            onError","        ) {","        /*","         * this function will test browsers's null-case handling-behavior-behavior","         */","            onError(null, options);","        };","","        // run tests","        local.nop(local.modeTest &&","            document.querySelector('#testRunButton1') &&","            document.querySelector('#testRunButton1').click());","        break;","","","","    // run node js-env code - init-after","    /* istanbul ignore next */","    case 'node':","        local.testCase_buildApidoc_default = local.testCase_buildApidoc_default || function (","            options,","            onError","        ) {","        /*","         * this function will test buildApidoc's default handling-behavior-behavior","         */","            options = { modulePathList: module.paths };","            local.buildApidoc(options, onError);","        };","","        local.testCase_buildApp_default = local.testCase_buildApp_default || function (","            options,","            onError","        ) {","        /*","         * this function will test buildApp's default handling-behavior-behavior","         */","            local.testCase_buildReadme_default(options, local.onErrorThrow);","            local.testCase_buildLib_default(options, local.onErrorThrow);","            local.testCase_buildTest_default(options, local.onErrorThrow);","            local.testCase_buildCustomOrg_default(options, local.onErrorThrow);","            options = [];","            local.buildApp(options, onError);","        };","","        local.testCase_buildCustomOrg_default = local.testCase_buildCustomOrg_default ||","            function (options, onError) {","            /*","             * this function will test buildCustomOrg's default handling-behavior","             */","                options = {};","                local.buildCustomOrg(options, onError);","            };","","        local.testCase_buildLib_default = local.testCase_buildLib_default || function (","            options,","            onError","        ) {","        /*","         * this function will test buildLib's default handling-behavior","         */","            options = {};","            local.buildLib(options, onError);","        };","","        local.testCase_buildReadme_default = local.testCase_buildReadme_default || function (","            options,","            onError","        ) {","        /*","         * this function will test buildReadme's default handling-behavior-behavior","         */","            options = {};","            local.buildReadme(options, onError);","        };","","        local.testCase_buildTest_default = local.testCase_buildTest_default || function (","            options,","            onError","        ) {","        /*","         * this function will test buildTest's default handling-behavior","         */","            options = {};","            local.buildTest(options, onError);","        };","","        local.testCase_webpage_default = local.testCase_webpage_default || function (","            options,","            onError","        ) {","        /*","         * this function will test webpage's default handling-behavior","         */","            options = { modeCoverageMerge: true, url: local.serverLocalHost + '?modeTest=1' };","            local.browserTest(options, onError);","        };","","        // run test-server","        local.testRunServer(local);","        break;","    }","}());",""],"l":{"12":2,"14":2,"19":2,"21":2,"23":2,"24":2,"25":2,"30":1,"37":2,"40":2,"43":1,"47":1,"50":1,"52":1,"55":2,"61":2,"62":2,"64":2,"70":1,"76":1,"82":2,"83":2,"85":2,"91":1,"98":1,"102":1,"105":1,"112":1,"119":1,"120":1,"123":1,"130":1,"131":1,"132":1,"133":1,"134":1,"135":1,"138":1,"143":2,"144":2,"147":1,"154":2,"155":2,"158":1,"165":2,"166":2,"169":1,"176":2,"177":2,"180":1,"187":1,"188":1,"192":1,"193":1}},"/home/travis/build/npmtest/node-npmtest-http-master/lib.npmtest_http_master.js":{"path":"/home/travis/build/npmtest/node-npmtest-http-master/lib.npmtest_http_master.js","s":{"1":2,"2":2,"3":2,"4":2,"5":2,"6":2,"7":2,"8":1,"9":2,"10":2,"11":2,"12":2,"13":1,"14":1,"15":1,"16":1},"b":{"1":[2,1,1,1],"2":[1,1,1,1],"3":[1,1],"4":[2,2],"5":[1,1]},"f":{"1":2,"2":2,"3":2},"fnMap":{"1":{"name":"(anonymous_1)","line":12,"loc":{"start":{"line":12,"column":1},"end":{"line":12,"column":13}}},"2":{"name":"(anonymous_2)","line":19,"loc":{"start":{"line":19,"column":5},"end":{"line":19,"column":17}}},"3":{"name":"(anonymous_3)","line":23,"loc":{"start":{"line":23,"column":24},"end":{"line":23,"column":36}}}},"statementMap":{"1":{"start":{"line":12,"column":0},"end":{"line":53,"column":5}},"2":{"start":{"line":14,"column":4},"end":{"line":14,"column":14}},"3":{"start":{"line":19,"column":4},"end":{"line":52,"column":9}},"4":{"start":{"line":21,"column":8},"end":{"line":21,"column":19}},"5":{"start":{"line":23,"column":8},"end":{"line":35,"column":13}},"6":{"start":{"line":24,"column":12},"end":{"line":34,"column":13}},"7":{"start":{"line":25,"column":16},"end":{"line":28,"column":30}},"8":{"start":{"line":30,"column":16},"end":{"line":33,"column":27}},"9":{"start":{"line":37,"column":8},"end":{"line":39,"column":21}},"10":{"start":{"line":41,"column":8},"end":{"line":41,"column":54}},"11":{"start":{"line":43,"column":8},"end":{"line":43,"column":56}},"12":{"start":{"line":45,"column":8},"end":{"line":51,"column":9}},"13":{"start":{"line":46,"column":12},"end":{"line":46,"column":62}},"14":{"start":{"line":48,"column":12},"end":{"line":48,"column":35}},"15":{"start":{"line":49,"column":12},"end":{"line":49,"column":49}},"16":{"start":{"line":50,"column":12},"end":{"line":50,"column":43}}},"branchMap":{"1":{"line":25,"type":"binary-expr","locations":[{"start":{"line":25,"column":23},"end":{"line":25,"column":62}},{"start":{"line":26,"column":20},"end":{"line":26,"column":70}},{"start":{"line":27,"column":20},"end":{"line":27,"column":71}},{"start":{"line":28,"column":20},"end":{"line":28,"column":29}}]},"2":{"line":30,"type":"binary-expr","locations":[{"start":{"line":30,"column":23},"end":{"line":30,"column":37}},{"start":{"line":31,"column":20},"end":{"line":31,"column":61}},{"start":{"line":32,"column":20},"end":{"line":32,"column":70}},{"start":{"line":33,"column":20},"end":{"line":33,"column":26}}]},"3":{"line":37,"type":"cond-expr","locations":[{"start":{"line":38,"column":14},"end":{"line":38,"column":20}},{"start":{"line":39,"column":14},"end":{"line":39,"column":20}}]},"4":{"line":41,"type":"binary-expr","locations":[{"start":{"line":41,"column":16},"end":{"line":41,"column":44}},{"start":{"line":41,"column":48},"end":{"line":41,"column":53}}]},"5":{"line":45,"type":"if","locations":[{"start":{"line":45,"column":8},"end":{"line":45,"column":8}},{"start":{"line":45,"column":8},"end":{"line":45,"column":8}}]}},"code":["/* istanbul instrument in package npmtest_http_master */","/*jslint","    bitwise: true,","    browser: true,","    maxerr: 8,","    maxlen: 96,","    node: true,","    nomen: true,","    regexp: true,","    stupid: true","*/","(function () {","    'use strict';","    var local;","","","","    // run shared js-env code - init-before","    (function () {","        // init local","        local = {};","        // init modeJs","        local.modeJs = (function () {","            try {","                return typeof navigator.userAgent === 'string' &&","                    typeof document.querySelector('body') === 'object' &&","                    typeof XMLHttpRequest.prototype.open === 'function' &&","                    'browser';","            } catch (errorCaughtBrowser) {","                return module.exports &&","                    typeof process.versions.node === 'string' &&","                    typeof require('http').createServer === 'function' &&","                    'node';","            }","        }());","        // init global","        local.global = local.modeJs === 'browser'","            ? window","            : global;","        // init utility2_rollup","        local = local.global.utility2_rollup || local;","        // init lib","        local.local = local.npmtest_http_master = local;","        // init exports","        if (local.modeJs === 'browser') {","            local.global.utility2_npmtest_http_master = local;","        } else {","            module.exports = local;","            module.exports.__dirname = __dirname;","            module.exports.module = module;","        }","    }());","}());",""],"l":{"12":2,"14":2,"19":2,"21":2,"23":2,"24":2,"25":2,"30":1,"37":2,"41":2,"43":2,"45":2,"46":1,"48":1,"49":1,"50":1}},"/home/travis/build/npmtest/node-npmtest-http-master/example.js":{"path":"/home/travis/build/npmtest/node-npmtest-http-master/example.js","s":{"1":2,"2":2,"3":2,"4":2,"5":2,"6":2,"7":2,"8":1,"9":2,"10":2,"11":2,"12":2,"13":1,"14":2,"15":2,"16":2,"17":2,"18":2,"19":0,"20":2,"21":1,"22":1,"23":1,"24":1,"25":1,"26":0,"27":0,"28":1,"29":1,"30":2,"31":0,"32":0,"33":0,"34":1,"35":2,"36":2,"37":3,"38":3,"39":3,"40":3,"41":0,"42":3,"43":3,"44":3,"45":1,"46":3,"47":1,"48":1,"49":1,"50":1,"51":1,"52":1,"53":1,"54":1,"55":1,"56":1,"57":0,"58":1,"59":6,"60":6,"61":1,"62":2,"63":0,"64":2,"65":1,"66":1,"67":0,"68":0,"69":0,"70":0,"71":0,"72":0,"73":0,"74":0,"75":0,"76":0,"77":0,"78":0,"79":0,"80":0,"81":0,"82":0,"83":0},"b":{"1":[2,1,1,1],"2":[1,1,1,1],"3":[1,1],"4":[2,2],"5":[1,1],"6":[1,1],"7":[2,0],"8":[2,1,1,1,1,1],"9":[0,2,0],"10":[1,1],"11":[2,1,1],"12":[1,0],"13":[0,2],"14":[2,0,0,0,0,0,0],"15":[0,3],"16":[3,0],"17":[1,1],"18":[0,1],"19":[1,2,0,2],"20":[1,0],"21":[1,1],"22":[0,0],"23":[0,0],"24":[0,0],"25":[0,0],"26":[0,0],"27":[0,0],"28":[0,0]},"f":{"1":2,"2":2,"3":2,"4":2,"5":2,"6":2,"7":3,"8":3,"9":3,"10":1,"11":6,"12":0},"fnMap":{"1":{"name":"(anonymous_1)","line":26,"loc":{"start":{"line":26,"column":1},"end":{"line":26,"column":13}}},"2":{"name":"(anonymous_2)","line":33,"loc":{"start":{"line":33,"column":5},"end":{"line":33,"column":17}}},"3":{"name":"(anonymous_3)","line":37,"loc":{"start":{"line":37,"column":24},"end":{"line":37,"column":36}}},"4":{"name":"(anonymous_4)","line":69,"loc":{"start":{"line":69,"column":31},"end":{"line":69,"column":48}},"skip":true},"5":{"name":"(anonymous_5)","line":78,"loc":{"start":{"line":78,"column":26},"end":{"line":78,"column":45}},"skip":true},"6":{"name":"(anonymous_6)","line":123,"loc":{"start":{"line":123,"column":33},"end":{"line":123,"column":48}},"skip":true},"7":{"name":"(anonymous_7)","line":125,"loc":{"start":{"line":125,"column":27},"end":{"line":125,"column":39}},"skip":true},"8":{"name":"(anonymous_8)","line":133,"loc":{"start":{"line":133,"column":59},"end":{"line":133,"column":74}},"skip":true},"9":{"name":"(anonymous_9)","line":143,"loc":{"start":{"line":143,"column":45},"end":{"line":143,"column":62}},"skip":true},"10":{"name":"(anonymous_10)","line":144,"loc":{"start":{"line":144,"column":73},"end":{"line":144,"column":92}},"skip":true},"11":{"name":"(anonymous_11)","line":272,"loc":{"start":{"line":272,"column":51},"end":{"line":272,"column":77}},"skip":true},"12":{"name":"(anonymous_12)","line":315,"loc":{"start":{"line":315,"column":32},"end":{"line":315,"column":61}},"skip":true}},"statementMap":{"1":{"start":{"line":26,"column":0},"end":{"line":326,"column":5}},"2":{"start":{"line":28,"column":4},"end":{"line":28,"column":14}},"3":{"start":{"line":33,"column":4},"end":{"line":60,"column":9}},"4":{"start":{"line":35,"column":8},"end":{"line":35,"column":19}},"5":{"start":{"line":37,"column":8},"end":{"line":49,"column":13}},"6":{"start":{"line":38,"column":12},"end":{"line":48,"column":13}},"7":{"start":{"line":39,"column":16},"end":{"line":42,"column":30}},"8":{"start":{"line":44,"column":16},"end":{"line":47,"column":27}},"9":{"start":{"line":51,"column":8},"end":{"line":53,"column":21}},"10":{"start":{"line":55,"column":8},"end":{"line":57,"column":45}},"11":{"start":{"line":59,"column":8},"end":{"line":59,"column":35}},"12":{"start":{"line":61,"column":4},"end":{"line":325,"column":5}},"13":{"start":{"line":69,"column":8},"end":{"line":121,"column":10},"skip":true},"14":{"start":{"line":70,"column":12},"end":{"line":88,"column":13},"skip":true},"15":{"start":{"line":76,"column":16},"end":{"line":87,"column":19},"skip":true},"16":{"start":{"line":79,"column":20},"end":{"line":86,"column":21},"skip":true},"17":{"start":{"line":82,"column":24},"end":{"line":82,"column":43},"skip":true},"18":{"start":{"line":83,"column":24},"end":{"line":83,"column":30},"skip":true},"19":{"start":{"line":85,"column":24},"end":{"line":85,"column":49},"skip":true},"20":{"start":{"line":89,"column":12},"end":{"line":107,"column":13},"skip":true},"21":{"start":{"line":92,"column":16},"end":{"line":102,"column":17},"skip":true},"22":{"start":{"line":93,"column":20},"end":{"line":93,"column":86},"skip":true},"23":{"start":{"line":94,"column":20},"end":{"line":95,"column":45},"skip":true},"24":{"start":{"line":96,"column":20},"end":{"line":96,"column":42},"skip":true},"25":{"start":{"line":97,"column":20},"end":{"line":97,"column":48},"skip":true},"26":{"start":{"line":100,"column":20},"end":{"line":100,"column":85},"skip":true},"27":{"start":{"line":101,"column":20},"end":{"line":101,"column":96},"skip":true},"28":{"start":{"line":103,"column":16},"end":{"line":103,"column":22},"skip":true},"29":{"start":{"line":106,"column":16},"end":{"line":106,"column":22},"skip":true},"30":{"start":{"line":108,"column":12},"end":{"line":120,"column":13},"skip":true},"31":{"start":{"line":114,"column":16},"end":{"line":119,"column":17},"skip":true},"32":{"start":{"line":116,"column":20},"end":{"line":116,"column":78},"skip":true},"33":{"start":{"line":118,"column":20},"end":{"line":118,"column":47},"skip":true},"34":{"start":{"line":123,"column":8},"end":{"line":141,"column":11},"skip":true},"35":{"start":{"line":124,"column":12},"end":{"line":124,"column":54},"skip":true},"36":{"start":{"line":125,"column":12},"end":{"line":140,"column":14},"skip":true},"37":{"start":{"line":126,"column":16},"end":{"line":126,"column":28},"skip":true},"38":{"start":{"line":127,"column":16},"end":{"line":127,"column":69},"skip":true},"39":{"start":{"line":128,"column":16},"end":{"line":128,"column":75},"skip":true},"40":{"start":{"line":129,"column":16},"end":{"line":131,"column":17},"skip":true},"41":{"start":{"line":130,"column":20},"end":{"line":130,"column":27},"skip":true},"42":{"start":{"line":133,"column":16},"end":{"line":137,"column":36},"skip":true},"43":{"start":{"line":134,"column":20},"end":{"line":136,"column":55},"skip":true},"44":{"start":{"line":139,"column":16},"end":{"line":139,"column":57},"skip":true},"45":{"start":{"line":143,"column":8},"end":{"line":147,"column":11},"skip":true},"46":{"start":{"line":144,"column":12},"end":{"line":146,"column":15},"skip":true},"47":{"start":{"line":145,"column":16},"end":{"line":145,"column":70},"skip":true},"48":{"start":{"line":149,"column":8},"end":{"line":149,"column":31},"skip":true},"49":{"start":{"line":150,"column":8},"end":{"line":150,"column":14},"skip":true},"50":{"start":{"line":158,"column":8},"end":{"line":158,"column":31},"skip":true},"51":{"start":{"line":160,"column":8},"end":{"line":160,"column":33},"skip":true},"52":{"start":{"line":161,"column":8},"end":{"line":161,"column":37},"skip":true},"53":{"start":{"line":162,"column":8},"end":{"line":162,"column":35},"skip":true},"54":{"start":{"line":164,"column":8},"end":{"line":164,"column":50},"skip":true},"55":{"start":{"line":166,"column":8},"end":{"line":256,"column":2},"skip":true},"56":{"start":{"line":258,"column":8},"end":{"line":286,"column":9},"skip":true},"57":{"start":{"line":259,"column":12},"end":{"line":269,"column":14},"skip":true},"58":{"start":{"line":271,"column":12},"end":{"line":285,"column":19},"skip":true},"59":{"start":{"line":274,"column":20},"end":{"line":274,"column":35},"skip":true},"60":{"start":{"line":275,"column":20},"end":{"line":284,"column":21},"skip":true},"61":{"start":{"line":277,"column":24},"end":{"line":277,"column":64},"skip":true},"62":{"start":{"line":279,"column":24},"end":{"line":279,"column":40},"skip":true},"63":{"start":{"line":281,"column":24},"end":{"line":281,"column":40},"skip":true},"64":{"start":{"line":283,"column":24},"end":{"line":283,"column":39},"skip":true},"65":{"start":{"line":288,"column":8},"end":{"line":290,"column":9},"skip":true},"66":{"start":{"line":289,"column":12},"end":{"line":289,"column":18},"skip":true},"67":{"start":{"line":291,"column":8},"end":{"line":293,"column":54},"skip":true},"68":{"start":{"line":296,"column":8},"end":{"line":301,"column":37},"skip":true},"69":{"start":{"line":303,"column":8},"end":{"line":303,"column":82},"skip":true},"70":{"start":{"line":306,"column":8},"end":{"line":308,"column":9},"skip":true},"71":{"start":{"line":307,"column":12},"end":{"line":307,"column":82},"skip":true},"72":{"start":{"line":310,"column":8},"end":{"line":312,"column":9},"skip":true},"73":{"start":{"line":311,"column":12},"end":{"line":311,"column":18},"skip":true},"74":{"start":{"line":313,"column":8},"end":{"line":313,"column":54},"skip":true},"75":{"start":{"line":314,"column":8},"end":{"line":314,"column":69},"skip":true},"76":{"start":{"line":315,"column":8},"end":{"line":323,"column":36},"skip":true},"77":{"start":{"line":316,"column":12},"end":{"line":316,"column":61},"skip":true},"78":{"start":{"line":317,"column":12},"end":{"line":320,"column":13},"skip":true},"79":{"start":{"line":318,"column":16},"end":{"line":318,"column":75},"skip":true},"80":{"start":{"line":319,"column":16},"end":{"line":319,"column":23},"skip":true},"81":{"start":{"line":321,"column":12},"end":{"line":321,"column":38},"skip":true},"82":{"start":{"line":322,"column":12},"end":{"line":322,"column":27},"skip":true},"83":{"start":{"line":324,"column":8},"end":{"line":324,"column":14},"skip":true}},"branchMap":{"1":{"line":39,"type":"binary-expr","locations":[{"start":{"line":39,"column":23},"end":{"line":39,"column":62}},{"start":{"line":40,"column":20},"end":{"line":40,"column":70}},{"start":{"line":41,"column":20},"end":{"line":41,"column":71}},{"start":{"line":42,"column":20},"end":{"line":42,"column":29}}]},"2":{"line":44,"type":"binary-expr","locations":[{"start":{"line":44,"column":23},"end":{"line":44,"column":37}},{"start":{"line":45,"column":20},"end":{"line":45,"column":61}},{"start":{"line":46,"column":20},"end":{"line":46,"column":70}},{"start":{"line":47,"column":20},"end":{"line":47,"column":26}}]},"3":{"line":51,"type":"cond-expr","locations":[{"start":{"line":52,"column":14},"end":{"line":52,"column":20}},{"start":{"line":53,"column":14},"end":{"line":53,"column":20}}]},"4":{"line":55,"type":"binary-expr","locations":[{"start":{"line":55,"column":16},"end":{"line":55,"column":44}},{"start":{"line":55,"column":49},"end":{"line":57,"column":43}}]},"5":{"line":55,"type":"cond-expr","locations":[{"start":{"line":56,"column":14},"end":{"line":56,"column":55}},{"start":{"line":57,"column":14},"end":{"line":57,"column":43}}]},"6":{"line":61,"type":"switch","locations":[{"start":{"line":68,"column":4},"end":{"line":150,"column":14},"skip":true},{"start":{"line":156,"column":4},"end":{"line":324,"column":14},"skip":true}]},"7":{"line":70,"type":"if","locations":[{"start":{"line":70,"column":12},"end":{"line":70,"column":12},"skip":true},{"start":{"line":70,"column":12},"end":{"line":70,"column":12},"skip":true}]},"8":{"line":70,"type":"binary-expr","locations":[{"start":{"line":70,"column":16},"end":{"line":70,"column":22},"skip":true},{"start":{"line":70,"column":27},"end":{"line":70,"column":32},"skip":true},{"start":{"line":71,"column":20},"end":{"line":71,"column":39},"skip":true},{"start":{"line":72,"column":20},"end":{"line":72,"column":49},"skip":true},{"start":{"line":73,"column":20},"end":{"line":73,"column":58},"skip":true},{"start":{"line":74,"column":20},"end":{"line":74,"column":69},"skip":true}]},"9":{"line":79,"type":"switch","locations":[{"start":{"line":80,"column":20},"end":{"line":80,"column":33},"skip":true},{"start":{"line":81,"column":20},"end":{"line":83,"column":30},"skip":true},{"start":{"line":84,"column":20},"end":{"line":85,"column":49},"skip":true}]},"10":{"line":89,"type":"switch","locations":[{"start":{"line":90,"column":12},"end":{"line":103,"column":22},"skip":true},{"start":{"line":105,"column":12},"end":{"line":106,"column":22},"skip":true}]},"11":{"line":89,"type":"binary-expr","locations":[{"start":{"line":89,"column":20},"end":{"line":89,"column":25},"skip":true},{"start":{"line":89,"column":29},"end":{"line":89,"column":48},"skip":true},{"start":{"line":89,"column":52},"end":{"line":89,"column":74},"skip":true}]},"12":{"line":92,"type":"if","locations":[{"start":{"line":92,"column":16},"end":{"line":92,"column":16},"skip":true},{"start":{"line":92,"column":16},"end":{"line":92,"column":16},"skip":true}]},"13":{"line":108,"type":"if","locations":[{"start":{"line":108,"column":12},"end":{"line":108,"column":12},"skip":true},{"start":{"line":108,"column":12},"end":{"line":108,"column":12},"skip":true}]},"14":{"line":108,"type":"binary-expr","locations":[{"start":{"line":108,"column":16},"end":{"line":108,"column":61},"skip":true},{"start":{"line":108,"column":66},"end":{"line":108,"column":72},"skip":true},{"start":{"line":108,"column":77},"end":{"line":108,"column":82},"skip":true},{"start":{"line":109,"column":20},"end":{"line":109,"column":39},"skip":true},{"start":{"line":110,"column":20},"end":{"line":110,"column":49},"skip":true},{"start":{"line":111,"column":20},"end":{"line":111,"column":58},"skip":true},{"start":{"line":112,"column":20},"end":{"line":112,"column":68},"skip":true}]},"15":{"line":129,"type":"if","locations":[{"start":{"line":129,"column":16},"end":{"line":129,"column":16},"skip":true},{"start":{"line":129,"column":16},"end":{"line":129,"column":16},"skip":true}]},"16":{"line":134,"type":"cond-expr","locations":[{"start":{"line":135,"column":26},"end":{"line":135,"column":29},"skip":true},{"start":{"line":136,"column":26},"end":{"line":136,"column":54},"skip":true}]},"17":{"line":164,"type":"binary-expr","locations":[{"start":{"line":164,"column":27},"end":{"line":164,"column":43},"skip":true},{"start":{"line":164,"column":47},"end":{"line":164,"column":49},"skip":true}]},"18":{"line":258,"type":"if","locations":[{"start":{"line":258,"column":8},"end":{"line":258,"column":8},"skip":true},{"start":{"line":258,"column":8},"end":{"line":258,"column":8},"skip":true}]},"19":{"line":275,"type":"switch","locations":[{"start":{"line":276,"column":20},"end":{"line":277,"column":64},"skip":true},{"start":{"line":278,"column":20},"end":{"line":279,"column":40},"skip":true},{"start":{"line":280,"column":20},"end":{"line":281,"column":40},"skip":true},{"start":{"line":282,"column":20},"end":{"line":283,"column":39},"skip":true}]},"20":{"line":288,"type":"if","locations":[{"start":{"line":288,"column":8},"end":{"line":288,"column":8},"skip":true},{"start":{"line":288,"column":8},"end":{"line":288,"column":8},"skip":true}]},"21":{"line":288,"type":"binary-expr","locations":[{"start":{"line":288,"column":12},"end":{"line":288,"column":40},"skip":true},{"start":{"line":288,"column":44},"end":{"line":288,"column":67},"skip":true}]},"22":{"line":292,"type":"binary-expr","locations":[{"start":{"line":292,"column":12},"end":{"line":292,"column":50},"skip":true},{"start":{"line":293,"column":12},"end":{"line":293,"column":53},"skip":true}]},"23":{"line":297,"type":"binary-expr","locations":[{"start":{"line":297,"column":12},"end":{"line":297,"column":69},"skip":true},{"start":{"line":298,"column":12},"end":{"line":301,"column":36},"skip":true}]},"24":{"line":303,"type":"binary-expr","locations":[{"start":{"line":303,"column":43},"end":{"line":303,"column":75},"skip":true},{"start":{"line":303,"column":79},"end":{"line":303,"column":81},"skip":true}]},"25":{"line":306,"type":"if","locations":[{"start":{"line":306,"column":8},"end":{"line":306,"column":8},"skip":true},{"start":{"line":306,"column":8},"end":{"line":306,"column":8},"skip":true}]},"26":{"line":310,"type":"if","locations":[{"start":{"line":310,"column":8},"end":{"line":310,"column":8},"skip":true},{"start":{"line":310,"column":8},"end":{"line":310,"column":8},"skip":true}]},"27":{"line":313,"type":"binary-expr","locations":[{"start":{"line":313,"column":27},"end":{"line":313,"column":43},"skip":true},{"start":{"line":313,"column":47},"end":{"line":313,"column":53},"skip":true}]},"28":{"line":317,"type":"if","locations":[{"start":{"line":317,"column":12},"end":{"line":317,"column":12},"skip":true},{"start":{"line":317,"column":12},"end":{"line":317,"column":12},"skip":true}]}},"code":["/*","example.js","","quickstart example","","instruction","    1. save this script as example.js","    2. run the shell command:","        $ npm install npmtest-http-master && PORT=8081 node example.js","    3. play with the browser-demo on http://127.0.0.1:8081","*/","","","","/* istanbul instrument in package npmtest_http_master */","/*jslint","    bitwise: true,","    browser: true,","    maxerr: 8,","    maxlen: 96,","    node: true,","    nomen: true,","    regexp: true,","    stupid: true","*/","(function () {","    'use strict';","    var local;","","","","    // run shared js-env code - init-before","    (function () {","        // init local","        local = {};","        // init modeJs","        local.modeJs = (function () {","            try {","                return typeof navigator.userAgent === 'string' &&","                    typeof document.querySelector('body') === 'object' &&","                    typeof XMLHttpRequest.prototype.open === 'function' &&","                    'browser';","            } catch (errorCaughtBrowser) {","                return module.exports &&","                    typeof process.versions.node === 'string' &&","                    typeof require('http').createServer === 'function' &&","                    'node';","            }","        }());","        // init global","        local.global = local.modeJs === 'browser'","            ? window","            : global;","        // init utility2_rollup","        local = local.global.utility2_rollup || (local.modeJs === 'browser'","            ? local.global.utility2_npmtest_http_master","            : global.utility2_moduleExports);","        // export local","        local.global.local = local;","    }());","    switch (local.modeJs) {","","","","    // init-after","    // run browser js-env code - init-after","    /* istanbul ignore next */","    case 'browser':","        local.testRunBrowser = function (event) {","            if (!event || (event &&","                    event.currentTarget &&","                    event.currentTarget.className &&","                    event.currentTarget.className.includes &&","                    event.currentTarget.className.includes('onreset'))) {","                // reset output","                Array.from(","                    document.querySelectorAll('body > .resettable')","                ).forEach(function (element) {","                    switch (element.tagName) {","                    case 'INPUT':","                    case 'TEXTAREA':","                        element.value = '';","                        break;","                    default:","                        element.textContent = '';","                    }","                });","            }","            switch (event && event.currentTarget && event.currentTarget.id) {","            case 'testRunButton1':","                // show tests","                if (document.querySelector('#testReportDiv1').style.display === 'none') {","                    document.querySelector('#testReportDiv1').style.display = 'block';","                    document.querySelector('#testRunButton1').textContent =","                        'hide internal test';","                    local.modeTest = true;","                    local.testRunDefault(local);","                // hide tests","                } else {","                    document.querySelector('#testReportDiv1').style.display = 'none';","                    document.querySelector('#testRunButton1').textContent = 'run internal test';","                }","                break;","            // custom-case","            default:","                break;","            }","            if (document.querySelector('#inputTextareaEval1') && (!event || (event &&","                    event.currentTarget &&","                    event.currentTarget.className &&","                    event.currentTarget.className.includes &&","                    event.currentTarget.className.includes('oneval')))) {","                // try to eval input-code","                try {","                    /*jslint evil: true*/","                    eval(document.querySelector('#inputTextareaEval1').value);","                } catch (errorCaught) {","                    console.error(errorCaught);","                }","            }","        };","        // log stderr and stdout to #outputTextareaStdout1","        ['error', 'log'].forEach(function (key) {","            console[key + '_original'] = console[key];","            console[key] = function () {","                var element;","                console[key + '_original'].apply(console, arguments);","                element = document.querySelector('#outputTextareaStdout1');","                if (!element) {","                    return;","                }","                // append text to #outputTextareaStdout1","                element.value += Array.from(arguments).map(function (arg) {","                    return typeof arg === 'string'","                        ? arg","                        : JSON.stringify(arg, null, 4);","                }).join(' ') + '\\n';","                // scroll textarea to bottom","                element.scrollTop = element.scrollHeight;","            };","        });","        // init event-handling","        ['change', 'click', 'keyup'].forEach(function (event) {","            Array.from(document.querySelectorAll('.on' + event)).forEach(function (element) {","                element.addEventListener(event, local.testRunBrowser);","            });","        });","        // run tests","        local.testRunBrowser();","        break;","","","","    // run node js-env code - init-after","    /* istanbul ignore next */","    case 'node':","        // export local","        module.exports = local;","        // require modules","        local.fs = require('fs');","        local.http = require('http');","        local.url = require('url');","        // init assets","        local.assetsDict = local.assetsDict || {};","        /* jslint-ignore-begin */","        local.assetsDict['/assets.index.template.html'] = '\\","<!doctype html>\\n\\","<html lang=\"en\">\\n\\","<head>\\n\\","<meta charset=\"UTF-8\">\\n\\","<meta name=\"viewport\" content=\"width=device-width, initial-scale=1\">\\n\\","<title>{{env.npm_package_name}} (v{{env.npm_package_version}})</title>\\n\\","<style>\\n\\","/*csslint\\n\\","    box-sizing: false,\\n\\","    universal-selector: false\\n\\","*/\\n\\","* {\\n\\","    box-sizing: border-box;\\n\\","}\\n\\","body {\\n\\","    background: #dde;\\n\\","    font-family: Arial, Helvetica, sans-serif;\\n\\","    margin: 2rem;\\n\\","}\\n\\","body > * {\\n\\","    margin-bottom: 1rem;\\n\\","}\\n\\",".utility2FooterDiv {\\n\\","    margin-top: 20px;\\n\\","    text-align: center;\\n\\","}\\n\\","</style>\\n\\","<style>\\n\\","/*csslint\\n\\","*/\\n\\","textarea {\\n\\","    font-family: monospace;\\n\\","    height: 10rem;\\n\\","    width: 100%;\\n\\","}\\n\\","textarea[readonly] {\\n\\","    background: #ddd;\\n\\","}\\n\\","</style>\\n\\","</head>\\n\\","<body>\\n\\","<!-- utility2-comment\\n\\","<div id=\"ajaxProgressDiv1\" style=\"background: #d00; height: 2px; left: 0; margin: 0; padding: 0; position: fixed; top: 0; transition: background 0.5s, width 1.5s; width: 25%;\"></div>\\n\\","utility2-comment -->\\n\\","<h1>\\n\\","<!-- utility2-comment\\n\\","    <a\\n\\","        {{#if env.npm_package_homepage}}\\n\\","        href=\"{{env.npm_package_homepage}}\"\\n\\","        {{/if env.npm_package_homepage}}\\n\\","        target=\"_blank\"\\n\\","    >\\n\\","utility2-comment -->\\n\\","        {{env.npm_package_name}} (v{{env.npm_package_version}})\\n\\","<!-- utility2-comment\\n\\","    </a>\\n\\","utility2-comment -->\\n\\","</h1>\\n\\","<h3>{{env.npm_package_description}}</h3>\\n\\","<!-- utility2-comment\\n\\","<h4><a download href=\"assets.app.js\">download standalone app</a></h4>\\n\\","<button class=\"onclick onreset\" id=\"testRunButton1\">run internal test</button><br>\\n\\","<div id=\"testReportDiv1\" style=\"display: none;\"></div>\\n\\","utility2-comment -->\\n\\","\\n\\","\\n\\","\\n\\","<label>stderr and stdout</label>\\n\\","<textarea class=\"resettable\" id=\"outputTextareaStdout1\" readonly></textarea>\\n\\","<!-- utility2-comment\\n\\","{{#if isRollup}}\\n\\","<script src=\"assets.app.js\"></script>\\n\\","{{#unless isRollup}}\\n\\","utility2-comment -->\\n\\","<script src=\"assets.utility2.rollup.js\"></script>\\n\\","<script src=\"jsonp.utility2._stateInit?callback=window.utility2._stateInit\"></script>\\n\\","<script src=\"assets.npmtest_http_master.rollup.js\"></script>\\n\\","<script src=\"assets.example.js\"></script>\\n\\","<script src=\"assets.test.js\"></script>\\n\\","<!-- utility2-comment\\n\\","{{/if isRollup}}\\n\\","utility2-comment -->\\n\\","<div class=\"utility2FooterDiv\">\\n\\","    [ this app was created with\\n\\","    <a href=\"https://github.com/kaizhu256/node-utility2\" target=\"_blank\">utility2</a>\\n\\","    ]\\n\\","</div>\\n\\","</body>\\n\\","</html>\\n\\","';","        /* jslint-ignore-end */","        if (local.templateRender) {","            local.assetsDict['/'] = local.templateRender(","                local.assetsDict['/assets.index.template.html'],","                {","                    env: local.objectSetDefault(local.env, {","                        npm_package_description: 'the greatest app in the world!',","                        npm_package_name: 'my-app',","                        npm_package_nameAlias: 'my_app',","                        npm_package_version: '0.0.1'","                    })","                }","            );","        } else {","            local.assetsDict['/'] = local.assetsDict['/assets.index.template.html']","                .replace((/\\{\\{env\\.(\\w+?)\\}\\}/g), function (match0, match1) {","                    // jslint-hack","                    String(match0);","                    switch (match1) {","                    case 'npm_package_description':","                        return 'the greatest app in the world!';","                    case 'npm_package_name':","                        return 'my-app';","                    case 'npm_package_nameAlias':","                        return 'my_app';","                    case 'npm_package_version':","                        return '0.0.1';","                    }","                });","        }","        // run the cli","        if (local.global.utility2_rollup || module !== require.main) {","            break;","        }","        local.assetsDict['/assets.example.js'] =","            local.assetsDict['/assets.example.js'] ||","            local.fs.readFileSync(__filename, 'utf8');","        // bug-workaround - long $npm_package_buildCustomOrg","        /* jslint-ignore-begin */","        local.assetsDict['/assets.npmtest_http_master.rollup.js'] =","            local.assetsDict['/assets.npmtest_http_master.rollup.js'] ||","            local.fs.readFileSync(","                local.npmtest_http_master.__dirname + '/lib.npmtest_http_master.js',","                'utf8'","            ).replace((/^#!/), '//');","        /* jslint-ignore-end */","        local.assetsDict['/favicon.ico'] = local.assetsDict['/favicon.ico'] || '';","        // if $npm_config_timeout_exit exists,","        // then exit this process after $npm_config_timeout_exit ms","        if (Number(process.env.npm_config_timeout_exit)) {","            setTimeout(process.exit, Number(process.env.npm_config_timeout_exit));","        }","        // start server","        if (local.global.utility2_serverHttp1) {","            break;","        }","        process.env.PORT = process.env.PORT || '8081';","        console.error('server starting on port ' + process.env.PORT);","        local.http.createServer(function (request, response) {","            request.urlParsed = local.url.parse(request.url);","            if (local.assetsDict[request.urlParsed.pathname] !== undefined) {","                response.end(local.assetsDict[request.urlParsed.pathname]);","                return;","            }","            response.statusCode = 404;","            response.end();","        }).listen(process.env.PORT);","        break;","    }","}());",""],"l":{"26":2,"28":2,"33":2,"35":2,"37":2,"38":2,"39":2,"44":1,"51":2,"55":2,"59":2,"61":2,"69":1,"70":2,"76":2,"79":2,"82":2,"83":2,"85":1,"89":2,"92":1,"93":1,"94":1,"96":1,"97":1,"100":1,"101":1,"103":1,"106":1,"108":2,"114":1,"116":1,"118":1,"123":1,"124":2,"125":2,"126":3,"127":3,"128":3,"129":3,"130":1,"133":3,"134":3,"139":3,"143":1,"144":3,"145":1,"149":1,"150":1,"158":1,"160":1,"161":1,"162":1,"164":1,"166":1,"258":1,"259":1,"271":1,"274":6,"275":6,"277":1,"279":2,"281":1,"283":2,"288":1,"289":1,"291":1,"296":1,"303":1,"306":1,"307":1,"310":1,"311":1,"313":1,"314":1,"315":1,"316":1,"317":1,"318":1,"319":1,"321":1,"322":1,"324":1}},"/home/travis/build/npmtest/node-npmtest-http-master/node_modules/http-master/src/HttpMaster.js":{"path":"/home/travis/build/npmtest/node-npmtest-http-master/node_modules/http-master/src/HttpMaster.js","s":{"1":1,"2":1,"3":1,"4":1,"5":1,"6":1,"7":1,"8":1,"9":1,"10":0,"11":0,"12":0,"13":1,"14":0,"15":0,"16":0,"17":0,"18":0,"19":0,"20":0,"21":0,"22":0,"23":0,"24":0,"25":0,"26":0,"27":0,"28":0,"29":0,"30":0,"31":1,"32":0,"33":0,"34":0,"35":0,"36":0,"37":0,"38":0,"39":0,"40":0,"41":0,"42":0,"43":0,"44":0,"45":0,"46":0,"47":0,"48":0,"49":0,"50":0,"51":0,"52":0,"53":0,"54":0,"55":1,"56":1,"57":0,"58":1,"59":0,"60":1,"61":0,"62":0,"63":0,"64":0,"65":0,"66":0,"67":0,"68":0,"69":0,"70":0,"71":0,"72":0,"73":0,"74":0,"75":0,"76":0,"77":0,"78":0,"79":0,"80":0,"81":0,"82":0,"83":0,"84":0,"85":0,"86":0,"87":0,"88":0,"89":1,"90":0,"91":0,"92":0,"93":0,"94":0,"95":0,"96":0,"97":0,"98":1,"99":0,"100":0,"101":0,"102":0,"103":0,"104":0,"105":0,"106":0,"107":0,"108":0,"109":0,"110":0,"111":0,"112":0,"113":0,"114":0,"115":0,"116":0,"117":0,"118":0,"119":0,"120":0,"121":0,"122":0,"123":0,"124":0,"125":0,"126":0,"127":0,"128":1,"129":0,"130":0,"131":1,"132":0,"133":0,"134":0,"135":0,"136":0,"137":0,"138":0,"139":0,"140":0,"141":0,"142":0,"143":0,"144":0,"145":0,"146":0,"147":0,"148":0,"149":0,"150":0,"151":0,"152":0,"153":0,"154":0,"155":0,"156":0,"157":0,"158":0,"159":0,"160":0,"161":0,"162":0,"163":0,"164":0,"165":1,"166":1,"167":0,"168":0,"169":1,"170":0,"171":0,"172":0,"173":0,"174":0,"175":0,"176":0,"177":0,"178":0,"179":0,"180":0,"181":0,"182":0,"183":0,"184":0,"185":0,"186":0,"187":0,"188":0,"189":0,"190":0,"191":0,"192":0,"193":0,"194":0,"195":0,"196":0,"197":0,"198":0,"199":0,"200":0,"201":0,"202":1,"203":1,"204":1},"b":{"1":[0,0],"2":[0,0,0],"3":[0,0],"4":[0,0],"5":[0,0],"6":[0,0],"7":[0,0],"8":[0,0],"9":[0,0],"10":[0,0],"11":[0,0],"12":[0,0],"13":[0,0],"14":[0,0],"15":[0,0],"16":[0,0],"17":[0,0],"18":[0,0],"19":[0,0],"20":[0,0],"21":[0,0],"22":[0,0],"23":[0,0],"24":[0,0],"25":[0,0],"26":[0,0],"27":[0,0],"28":[0,0],"29":[0,0]},"f":{"1":0,"2":0,"3":0,"4":0,"5":0,"6":0,"7":0,"8":0,"9":0,"10":0,"11":0,"12":0,"13":0,"14":0,"15":0,"16":0,"17":0,"18":0,"19":0,"20":0,"21":0,"22":0,"23":0,"24":0,"25":0,"26":0,"27":0,"28":0,"29":0,"30":0,"31":0,"32":0,"33":0,"34":0,"35":0,"36":0,"37":0,"38":0,"39":0,"40":0,"41":0,"42":0,"43":0},"fnMap":{"1":{"name":"exitIfEACCES","line":13,"loc":{"start":{"line":13,"column":0},"end":{"line":13,"column":27}}},"2":{"name":"HttpMaster","line":20,"loc":{"start":{"line":20,"column":0},"end":{"line":20,"column":22}}},"3":{"name":"(anonymous_3)","line":39,"loc":{"start":{"line":39,"column":21},"end":{"line":39,"column":52}}},"4":{"name":"(anonymous_4)","line":45,"loc":{"start":{"line":45,"column":42},"end":{"line":45,"column":53}}},"5":{"name":"initWorker","line":53,"loc":{"start":{"line":53,"column":0},"end":{"line":53,"column":24}}},"6":{"name":"(anonymous_6)","line":56,"loc":{"start":{"line":56,"column":23},"end":{"line":56,"column":44}}},"7":{"name":"(anonymous_7)","line":68,"loc":{"start":{"line":68,"column":23},"end":{"line":68,"column":37}}},"8":{"name":"(anonymous_8)","line":78,"loc":{"start":{"line":78,"column":29},"end":{"line":78,"column":43}}},"9":{"name":"(anonymous_9)","line":81,"loc":{"start":{"line":81,"column":29},"end":{"line":81,"column":43}}},"10":{"name":"(anonymous_10)","line":85,"loc":{"start":{"line":85,"column":34},"end":{"line":85,"column":48}}},"11":{"name":"(anonymous_11)","line":92,"loc":{"start":{"line":92,"column":34},"end":{"line":92,"column":47}}},"12":{"name":"(anonymous_12)","line":105,"loc":{"start":{"line":105,"column":33},"end":{"line":105,"column":47}}},"13":{"name":"(anonymous_13)","line":109,"loc":{"start":{"line":109,"column":32},"end":{"line":109,"column":46}}},"14":{"name":"preprocessPortConfig","line":113,"loc":{"start":{"line":113,"column":0},"end":{"line":113,"column":42}}},"15":{"name":"(anonymous_15)","line":123,"loc":{"start":{"line":123,"column":46},"end":{"line":123,"column":60}}},"16":{"name":"(anonymous_16)","line":131,"loc":{"start":{"line":131,"column":31},"end":{"line":131,"column":45}}},"17":{"name":"(anonymous_17)","line":135,"loc":{"start":{"line":135,"column":23},"end":{"line":135,"column":48}}},"18":{"name":"preprocessConfig","line":164,"loc":{"start":{"line":164,"column":0},"end":{"line":164,"column":38}}},"19":{"name":"(anonymous_19)","line":166,"loc":{"start":{"line":166,"column":46},"end":{"line":166,"column":68}}},"20":{"name":"(anonymous_20)","line":167,"loc":{"start":{"line":167,"column":59},"end":{"line":167,"column":80}}},"21":{"name":"(anonymous_21)","line":171,"loc":{"start":{"line":171,"column":5},"end":{"line":171,"column":16}}},"22":{"name":"setupDi","line":180,"loc":{"start":{"line":180,"column":0},"end":{"line":180,"column":19}}},"23":{"name":"(anonymous_23)","line":183,"loc":{"start":{"line":183,"column":17},"end":{"line":183,"column":32}}},"24":{"name":"(anonymous_24)","line":203,"loc":{"start":{"line":203,"column":28},"end":{"line":203,"column":39}}},"25":{"name":"(anonymous_25)","line":210,"loc":{"start":{"line":210,"column":38},"end":{"line":210,"column":59}}},"26":{"name":"(anonymous_26)","line":224,"loc":{"start":{"line":224,"column":30},"end":{"line":224,"column":59}}},"27":{"name":"actualReload","line":228,"loc":{"start":{"line":228,"column":2},"end":{"line":228,"column":32}}},"28":{"name":"(anonymous_28)","line":245,"loc":{"start":{"line":245,"column":43},"end":{"line":245,"column":57}}},"29":{"name":"(anonymous_29)","line":257,"loc":{"start":{"line":257,"column":36},"end":{"line":257,"column":53}}},"30":{"name":"(anonymous_30)","line":260,"loc":{"start":{"line":260,"column":13},"end":{"line":260,"column":30}}},"31":{"name":"(anonymous_31)","line":261,"loc":{"start":{"line":261,"column":17},"end":{"line":261,"column":41}}},"32":{"name":"(anonymous_32)","line":262,"loc":{"start":{"line":262,"column":46},"end":{"line":262,"column":57}}},"33":{"name":"(anonymous_33)","line":264,"loc":{"start":{"line":264,"column":41},"end":{"line":264,"column":52}}},"34":{"name":"(anonymous_34)","line":272,"loc":{"start":{"line":272,"column":8},"end":{"line":272,"column":22}}},"35":{"name":"(anonymous_35)","line":288,"loc":{"start":{"line":288,"column":28},"end":{"line":288,"column":55}}},"36":{"name":"actualInit","line":292,"loc":{"start":{"line":292,"column":2},"end":{"line":292,"column":30}}},"37":{"name":"(anonymous_37)","line":301,"loc":{"start":{"line":301,"column":33},"end":{"line":301,"column":54}}},"38":{"name":"(anonymous_38)","line":310,"loc":{"start":{"line":310,"column":37},"end":{"line":310,"column":52}}},"39":{"name":"(anonymous_39)","line":313,"loc":{"start":{"line":313,"column":43},"end":{"line":313,"column":57}}},"40":{"name":"(anonymous_40)","line":328,"loc":{"start":{"line":328,"column":40},"end":{"line":328,"column":58}}},"41":{"name":"(anonymous_41)","line":329,"loc":{"start":{"line":329,"column":43},"end":{"line":329,"column":57}}},"42":{"name":"(anonymous_42)","line":334,"loc":{"start":{"line":334,"column":43},"end":{"line":334,"column":58}}},"43":{"name":"(anonymous_43)","line":338,"loc":{"start":{"line":338,"column":9},"end":{"line":338,"column":23}}}},"statementMap":{"1":{"start":{"line":1,"column":0},"end":{"line":1,"column":29}},"2":{"start":{"line":3,"column":0},"end":{"line":3,"column":44}},"3":{"start":{"line":4,"column":0},"end":{"line":4,"column":27}},"4":{"start":{"line":5,"column":0},"end":{"line":5,"column":43}},"5":{"start":{"line":6,"column":0},"end":{"line":6,"column":31}},"6":{"start":{"line":7,"column":0},"end":{"line":7,"column":55}},"7":{"start":{"line":9,"column":0},"end":{"line":9,"column":62}},"8":{"start":{"line":10,"column":0},"end":{"line":10,"column":38}},"9":{"start":{"line":13,"column":0},"end":{"line":18,"column":1}},"10":{"start":{"line":14,"column":2},"end":{"line":17,"column":3}},"11":{"start":{"line":15,"column":4},"end":{"line":15,"column":119}},"12":{"start":{"line":16,"column":4},"end":{"line":16,"column":20}},"13":{"start":{"line":20,"column":0},"end":{"line":51,"column":1}},"14":{"start":{"line":21,"column":2},"end":{"line":21,"column":34}},"15":{"start":{"line":22,"column":2},"end":{"line":22,"column":28}},"16":{"start":{"line":26,"column":2},"end":{"line":26,"column":61}},"17":{"start":{"line":27,"column":2},"end":{"line":27,"column":51}},"18":{"start":{"line":28,"column":2},"end":{"line":28,"column":50}},"19":{"start":{"line":29,"column":2},"end":{"line":29,"column":57}},"20":{"start":{"line":31,"column":2},"end":{"line":34,"column":5}},"21":{"start":{"line":36,"column":2},"end":{"line":36,"column":33}},"22":{"start":{"line":38,"column":2},"end":{"line":38,"column":18}},"23":{"start":{"line":39,"column":2},"end":{"line":49,"column":5}},"24":{"start":{"line":40,"column":4},"end":{"line":42,"column":5}},"25":{"start":{"line":41,"column":6},"end":{"line":41,"column":13}},"26":{"start":{"line":43,"column":4},"end":{"line":43,"column":116}},"27":{"start":{"line":44,"column":4},"end":{"line":44,"column":39}},"28":{"start":{"line":45,"column":4},"end":{"line":48,"column":7}},"29":{"start":{"line":46,"column":6},"end":{"line":46,"column":92}},"30":{"start":{"line":47,"column":6},"end":{"line":47,"column":44}},"31":{"start":{"line":53,"column":0},"end":{"line":101,"column":1}},"32":{"start":{"line":54,"column":2},"end":{"line":54,"column":18}},"33":{"start":{"line":55,"column":2},"end":{"line":55,"column":35}},"34":{"start":{"line":56,"column":2},"end":{"line":61,"column":4}},"35":{"start":{"line":57,"column":4},"end":{"line":60,"column":8}},"36":{"start":{"line":63,"column":2},"end":{"line":66,"column":5}},"37":{"start":{"line":67,"column":2},"end":{"line":67,"column":38}},"38":{"start":{"line":68,"column":2},"end":{"line":76,"column":5}},"39":{"start":{"line":69,"column":4},"end":{"line":69,"column":26}},"40":{"start":{"line":70,"column":4},"end":{"line":70,"column":54}},"41":{"start":{"line":71,"column":4},"end":{"line":71,"column":45}},"42":{"start":{"line":72,"column":4},"end":{"line":75,"column":7}},"43":{"start":{"line":78,"column":2},"end":{"line":80,"column":5}},"44":{"start":{"line":79,"column":4},"end":{"line":79,"column":12}},"45":{"start":{"line":81,"column":2},"end":{"line":83,"column":5}},"46":{"start":{"line":82,"column":4},"end":{"line":82,"column":33}},"47":{"start":{"line":85,"column":2},"end":{"line":90,"column":5}},"48":{"start":{"line":86,"column":4},"end":{"line":89,"column":6}},"49":{"start":{"line":92,"column":2},"end":{"line":98,"column":5}},"50":{"start":{"line":93,"column":4},"end":{"line":93,"column":18}},"51":{"start":{"line":94,"column":4},"end":{"line":96,"column":5}},"52":{"start":{"line":95,"column":6},"end":{"line":95,"column":43}},"53":{"start":{"line":97,"column":4},"end":{"line":97,"column":46}},"54":{"start":{"line":100,"column":2},"end":{"line":100,"column":16}},"55":{"start":{"line":103,"column":0},"end":{"line":103,"column":61}},"56":{"start":{"line":105,"column":0},"end":{"line":107,"column":2}},"57":{"start":{"line":106,"column":2},"end":{"line":106,"column":30}},"58":{"start":{"line":109,"column":0},"end":{"line":111,"column":2}},"59":{"start":{"line":110,"column":2},"end":{"line":110,"column":29}},"60":{"start":{"line":113,"column":0},"end":{"line":162,"column":1}},"61":{"start":{"line":114,"column":2},"end":{"line":114,"column":18}},"62":{"start":{"line":115,"column":2},"end":{"line":161,"column":3}},"63":{"start":{"line":117,"column":4},"end":{"line":117,"column":23}},"64":{"start":{"line":118,"column":4},"end":{"line":118,"column":31}},"65":{"start":{"line":119,"column":4},"end":{"line":122,"column":5}},"66":{"start":{"line":120,"column":6},"end":{"line":121,"column":44}},"67":{"start":{"line":121,"column":8},"end":{"line":121,"column":44}},"68":{"start":{"line":123,"column":4},"end":{"line":157,"column":7}},"69":{"start":{"line":124,"column":6},"end":{"line":125,"column":26}},"70":{"start":{"line":125,"column":8},"end":{"line":125,"column":26}},"71":{"start":{"line":127,"column":6},"end":{"line":130,"column":9}},"72":{"start":{"line":131,"column":6},"end":{"line":133,"column":9}},"73":{"start":{"line":132,"column":8},"end":{"line":132,"column":28}},"74":{"start":{"line":134,"column":6},"end":{"line":134,"column":86}},"75":{"start":{"line":135,"column":6},"end":{"line":155,"column":9}},"76":{"start":{"line":136,"column":8},"end":{"line":139,"column":9}},"77":{"start":{"line":137,"column":10},"end":{"line":137,"column":71}},"78":{"start":{"line":138,"column":10},"end":{"line":138,"column":28}},"79":{"start":{"line":141,"column":8},"end":{"line":149,"column":9}},"80":{"start":{"line":142,"column":10},"end":{"line":142,"column":89}},"81":{"start":{"line":144,"column":10},"end":{"line":144,"column":51}},"82":{"start":{"line":145,"column":10},"end":{"line":148,"column":11}},"83":{"start":{"line":146,"column":12},"end":{"line":146,"column":76}},"84":{"start":{"line":147,"column":12},"end":{"line":147,"column":75}},"85":{"start":{"line":150,"column":8},"end":{"line":152,"column":11}},"86":{"start":{"line":153,"column":8},"end":{"line":153,"column":41}},"87":{"start":{"line":154,"column":8},"end":{"line":154,"column":19}},"88":{"start":{"line":160,"column":4},"end":{"line":160,"column":15}},"89":{"start":{"line":164,"column":0},"end":{"line":177,"column":1}},"90":{"start":{"line":165,"column":2},"end":{"line":165,"column":18}},"91":{"start":{"line":166,"column":2},"end":{"line":176,"column":5}},"92":{"start":{"line":167,"column":4},"end":{"line":170,"column":7}},"93":{"start":{"line":168,"column":6},"end":{"line":168,"column":41}},"94":{"start":{"line":169,"column":6},"end":{"line":169,"column":11}},"95":{"start":{"line":173,"column":4},"end":{"line":174,"column":64}},"96":{"start":{"line":174,"column":6},"end":{"line":174,"column":64}},"97":{"start":{"line":175,"column":4},"end":{"line":175,"column":15}},"98":{"start":{"line":180,"column":0},"end":{"line":222,"column":1}},"99":{"start":{"line":181,"column":2},"end":{"line":181,"column":18}},"100":{"start":{"line":182,"column":2},"end":{"line":182,"column":30}},"101":{"start":{"line":183,"column":2},"end":{"line":196,"column":4}},"102":{"start":{"line":184,"column":4},"end":{"line":184,"column":10}},"103":{"start":{"line":185,"column":4},"end":{"line":195,"column":5}},"104":{"start":{"line":186,"column":6},"end":{"line":186,"column":18}},"105":{"start":{"line":187,"column":6},"end":{"line":192,"column":7}},"106":{"start":{"line":188,"column":8},"end":{"line":188,"column":106}},"107":{"start":{"line":190,"column":8},"end":{"line":190,"column":40}},"108":{"start":{"line":191,"column":8},"end":{"line":191,"column":15}},"109":{"start":{"line":193,"column":6},"end":{"line":193,"column":37}},"110":{"start":{"line":194,"column":6},"end":{"line":194,"column":44}},"111":{"start":{"line":198,"column":2},"end":{"line":198,"column":28}},"112":{"start":{"line":199,"column":2},"end":{"line":199,"column":34}},"113":{"start":{"line":200,"column":2},"end":{"line":200,"column":34}},"114":{"start":{"line":201,"column":2},"end":{"line":201,"column":37}},"115":{"start":{"line":203,"column":2},"end":{"line":205,"column":5}},"116":{"start":{"line":204,"column":4},"end":{"line":204,"column":23}},"117":{"start":{"line":206,"column":2},"end":{"line":206,"column":27}},"118":{"start":{"line":208,"column":2},"end":{"line":208,"column":40}},"119":{"start":{"line":210,"column":2},"end":{"line":221,"column":5}},"120":{"start":{"line":211,"column":4},"end":{"line":212,"column":13}},"121":{"start":{"line":212,"column":6},"end":{"line":212,"column":13}},"122":{"start":{"line":213,"column":4},"end":{"line":213,"column":33}},"123":{"start":{"line":214,"column":4},"end":{"line":214,"column":30}},"124":{"start":{"line":215,"column":4},"end":{"line":215,"column":64}},"125":{"start":{"line":216,"column":4},"end":{"line":220,"column":5}},"126":{"start":{"line":217,"column":6},"end":{"line":217,"column":77}},"127":{"start":{"line":219,"column":6},"end":{"line":219,"column":68}},"128":{"start":{"line":224,"column":0},"end":{"line":284,"column":2}},"129":{"start":{"line":225,"column":2},"end":{"line":225,"column":18}},"130":{"start":{"line":226,"column":2},"end":{"line":226,"column":22}},"131":{"start":{"line":228,"column":2},"end":{"line":281,"column":3}},"132":{"start":{"line":229,"column":4},"end":{"line":229,"column":25}},"133":{"start":{"line":230,"column":4},"end":{"line":230,"column":31}},"134":{"start":{"line":232,"column":4},"end":{"line":232,"column":23}},"135":{"start":{"line":234,"column":4},"end":{"line":242,"column":5}},"136":{"start":{"line":236,"column":6},"end":{"line":236,"column":77}},"137":{"start":{"line":237,"column":6},"end":{"line":237,"column":30}},"138":{"start":{"line":238,"column":6},"end":{"line":238,"column":37}},"139":{"start":{"line":239,"column":6},"end":{"line":240,"column":24}},"140":{"start":{"line":240,"column":8},"end":{"line":240,"column":24}},"141":{"start":{"line":241,"column":6},"end":{"line":241,"column":13}},"142":{"start":{"line":244,"column":4},"end":{"line":280,"column":5}},"143":{"start":{"line":245,"column":6},"end":{"line":255,"column":9}},"144":{"start":{"line":246,"column":8},"end":{"line":246,"column":37}},"145":{"start":{"line":247,"column":8},"end":{"line":250,"column":34}},"146":{"start":{"line":248,"column":10},"end":{"line":248,"column":42}},"147":{"start":{"line":250,"column":10},"end":{"line":250,"column":34}},"148":{"start":{"line":252,"column":8},"end":{"line":252,"column":40}},"149":{"start":{"line":253,"column":8},"end":{"line":254,"column":26}},"150":{"start":{"line":254,"column":10},"end":{"line":254,"column":26}},"151":{"start":{"line":257,"column":6},"end":{"line":279,"column":11}},"152":{"start":{"line":258,"column":10},"end":{"line":258,"column":26}},"153":{"start":{"line":261,"column":10},"end":{"line":270,"column":12}},"154":{"start":{"line":262,"column":12},"end":{"line":268,"column":15}},"155":{"start":{"line":264,"column":14},"end":{"line":266,"column":17}},"156":{"start":{"line":265,"column":16},"end":{"line":265,"column":32}},"157":{"start":{"line":267,"column":14},"end":{"line":267,"column":51}},"158":{"start":{"line":269,"column":12},"end":{"line":269,"column":41}},"159":{"start":{"line":273,"column":10},"end":{"line":276,"column":36}},"160":{"start":{"line":274,"column":12},"end":{"line":274,"column":44}},"161":{"start":{"line":276,"column":12},"end":{"line":276,"column":36}},"162":{"start":{"line":277,"column":10},"end":{"line":278,"column":28}},"163":{"start":{"line":278,"column":12},"end":{"line":278,"column":28}},"164":{"start":{"line":283,"column":2},"end":{"line":283,"column":52}},"165":{"start":{"line":286,"column":0},"end":{"line":286,"column":25}},"166":{"start":{"line":288,"column":0},"end":{"line":347,"column":2}},"167":{"start":{"line":289,"column":2},"end":{"line":289,"column":18}},"168":{"start":{"line":290,"column":2},"end":{"line":290,"column":29}},"169":{"start":{"line":292,"column":2},"end":{"line":345,"column":3}},"170":{"start":{"line":293,"column":4},"end":{"line":293,"column":25}},"171":{"start":{"line":295,"column":4},"end":{"line":295,"column":23}},"172":{"start":{"line":297,"column":4},"end":{"line":297,"column":47}},"173":{"start":{"line":298,"column":4},"end":{"line":344,"column":5}},"174":{"start":{"line":299,"column":6},"end":{"line":299,"column":82}},"175":{"start":{"line":301,"column":6},"end":{"line":307,"column":8}},"176":{"start":{"line":302,"column":8},"end":{"line":302,"column":56}},"177":{"start":{"line":303,"column":8},"end":{"line":306,"column":25}},"178":{"start":{"line":308,"column":6},"end":{"line":308,"column":62}},"179":{"start":{"line":309,"column":6},"end":{"line":309,"column":60}},"180":{"start":{"line":310,"column":6},"end":{"line":312,"column":9}},"181":{"start":{"line":311,"column":8},"end":{"line":311,"column":42}},"182":{"start":{"line":313,"column":6},"end":{"line":323,"column":9}},"183":{"start":{"line":314,"column":8},"end":{"line":316,"column":9}},"184":{"start":{"line":315,"column":10},"end":{"line":315,"column":31}},"185":{"start":{"line":317,"column":8},"end":{"line":317,"column":39}},"186":{"start":{"line":320,"column":8},"end":{"line":322,"column":9}},"187":{"start":{"line":321,"column":10},"end":{"line":321,"column":21}},"188":{"start":{"line":325,"column":6},"end":{"line":325,"column":23}},"189":{"start":{"line":326,"column":6},"end":{"line":326,"column":25}},"190":{"start":{"line":328,"column":6},"end":{"line":343,"column":9}},"191":{"start":{"line":329,"column":8},"end":{"line":331,"column":11}},"192":{"start":{"line":330,"column":10},"end":{"line":330,"column":20}},"193":{"start":{"line":332,"column":8},"end":{"line":332,"column":62}},"194":{"start":{"line":333,"column":8},"end":{"line":333,"column":60}},"195":{"start":{"line":334,"column":8},"end":{"line":336,"column":11}},"196":{"start":{"line":335,"column":10},"end":{"line":335,"column":44}},"197":{"start":{"line":337,"column":8},"end":{"line":337,"column":29}},"198":{"start":{"line":339,"column":8},"end":{"line":339,"column":39}},"199":{"start":{"line":341,"column":8},"end":{"line":342,"column":24}},"200":{"start":{"line":342,"column":10},"end":{"line":342,"column":24}},"201":{"start":{"line":346,"column":2},"end":{"line":346,"column":50}},"202":{"start":{"line":349,"column":0},"end":{"line":349,"column":28}},"203":{"start":{"line":350,"column":0},"end":{"line":350,"column":41}},"204":{"start":{"line":351,"column":0},"end":{"line":351,"column":56}}},"branchMap":{"1":{"line":14,"type":"if","locations":[{"start":{"line":14,"column":2},"end":{"line":14,"column":2}},{"start":{"line":14,"column":2},"end":{"line":14,"column":2}}]},"2":{"line":14,"type":"binary-expr","locations":[{"start":{"line":14,"column":6},"end":{"line":14,"column":9}},{"start":{"line":14,"column":13},"end":{"line":14,"column":35}},{"start":{"line":14,"column":39},"end":{"line":14,"column":60}}]},"3":{"line":40,"type":"if","locations":[{"start":{"line":40,"column":4},"end":{"line":40,"column":4}},{"start":{"line":40,"column":4},"end":{"line":40,"column":4}}]},"4":{"line":94,"type":"if","locations":[{"start":{"line":94,"column":4},"end":{"line":94,"column":4}},{"start":{"line":94,"column":4},"end":{"line":94,"column":4}}]},"5":{"line":115,"type":"if","locations":[{"start":{"line":115,"column":2},"end":{"line":115,"column":2}},{"start":{"line":115,"column":2},"end":{"line":115,"column":2}}]},"6":{"line":119,"type":"if","locations":[{"start":{"line":119,"column":4},"end":{"line":119,"column":4}},{"start":{"line":119,"column":4},"end":{"line":119,"column":4}}]},"7":{"line":124,"type":"if","locations":[{"start":{"line":124,"column":6},"end":{"line":124,"column":6}},{"start":{"line":124,"column":6},"end":{"line":124,"column":6}}]},"8":{"line":136,"type":"if","locations":[{"start":{"line":136,"column":8},"end":{"line":136,"column":8}},{"start":{"line":136,"column":8},"end":{"line":136,"column":8}}]},"9":{"line":141,"type":"if","locations":[{"start":{"line":141,"column":8},"end":{"line":141,"column":8}},{"start":{"line":141,"column":8},"end":{"line":141,"column":8}}]},"10":{"line":145,"type":"if","locations":[{"start":{"line":145,"column":10},"end":{"line":145,"column":10}},{"start":{"line":145,"column":10},"end":{"line":145,"column":10}}]},"11":{"line":166,"type":"binary-expr","locations":[{"start":{"line":166,"column":25},"end":{"line":166,"column":37}},{"start":{"line":166,"column":41},"end":{"line":166,"column":43}}]},"12":{"line":173,"type":"if","locations":[{"start":{"line":173,"column":4},"end":{"line":173,"column":4}},{"start":{"line":173,"column":4},"end":{"line":173,"column":4}}]},"13":{"line":185,"type":"if","locations":[{"start":{"line":185,"column":4},"end":{"line":185,"column":4}},{"start":{"line":185,"column":4},"end":{"line":185,"column":4}}]},"14":{"line":190,"type":"binary-expr","locations":[{"start":{"line":190,"column":20},"end":{"line":190,"column":23}},{"start":{"line":190,"column":27},"end":{"line":190,"column":38}}]},"15":{"line":208,"type":"binary-expr","locations":[{"start":{"line":208,"column":19},"end":{"line":208,"column":33}},{"start":{"line":208,"column":37},"end":{"line":208,"column":39}}]},"16":{"line":211,"type":"if","locations":[{"start":{"line":211,"column":4},"end":{"line":211,"column":4}},{"start":{"line":211,"column":4},"end":{"line":211,"column":4}}]},"17":{"line":234,"type":"if","locations":[{"start":{"line":234,"column":4},"end":{"line":234,"column":4}},{"start":{"line":234,"column":4},"end":{"line":234,"column":4}}]},"18":{"line":234,"type":"binary-expr","locations":[{"start":{"line":234,"column":9},"end":{"line":234,"column":27}},{"start":{"line":234,"column":31},"end":{"line":234,"column":32}}]},"19":{"line":239,"type":"if","locations":[{"start":{"line":239,"column":6},"end":{"line":239,"column":6}},{"start":{"line":239,"column":6},"end":{"line":239,"column":6}}]},"20":{"line":244,"type":"if","locations":[{"start":{"line":244,"column":4},"end":{"line":244,"column":4}},{"start":{"line":244,"column":4},"end":{"line":244,"column":4}}]},"21":{"line":247,"type":"if","locations":[{"start":{"line":247,"column":8},"end":{"line":247,"column":8}},{"start":{"line":247,"column":8},"end":{"line":247,"column":8}}]},"22":{"line":253,"type":"if","locations":[{"start":{"line":253,"column":8},"end":{"line":253,"column":8}},{"start":{"line":253,"column":8},"end":{"line":253,"column":8}}]},"23":{"line":273,"type":"if","locations":[{"start":{"line":273,"column":10},"end":{"line":273,"column":10}},{"start":{"line":273,"column":10},"end":{"line":273,"column":10}}]},"24":{"line":277,"type":"if","locations":[{"start":{"line":277,"column":10},"end":{"line":277,"column":10}},{"start":{"line":277,"column":10},"end":{"line":277,"column":10}}]},"25":{"line":297,"type":"binary-expr","locations":[{"start":{"line":297,"column":23},"end":{"line":297,"column":41}},{"start":{"line":297,"column":45},"end":{"line":297,"column":46}}]},"26":{"line":298,"type":"if","locations":[{"start":{"line":298,"column":4},"end":{"line":298,"column":4}},{"start":{"line":298,"column":4},"end":{"line":298,"column":4}}]},"27":{"line":314,"type":"if","locations":[{"start":{"line":314,"column":8},"end":{"line":314,"column":8}},{"start":{"line":314,"column":8},"end":{"line":314,"column":8}}]},"28":{"line":320,"type":"if","locations":[{"start":{"line":320,"column":8},"end":{"line":320,"column":8}},{"start":{"line":320,"column":8},"end":{"line":320,"column":8}}]},"29":{"line":341,"type":"if","locations":[{"start":{"line":341,"column":8},"end":{"line":341,"column":8}},{"start":{"line":341,"column":8},"end":{"line":341,"column":8}}]}},"code":["var async = require('async');","","var EventEmitter = require('eventemitter3');","var path = require('path');","var CertScanner = require('./certScanner');","var extend = require('extend');","var loadKeysForContext = require('./keyContextLoader');","","var token = require('crypto').randomBytes(64).toString('hex');","var JSONfn = require('jsonfn').JSONfn;","","// TODO: Windows support?","function exitIfEACCES(err) {","  if (err && err.syscall === 'bind' && err.code === 'EACCES') {","    this.logError(\"Unable to bind to port, exiting! Hopefully we will be restarted with privileges to bind the port.\");","    process.exit(1);","  }","}","","function HttpMaster() {","  var workers = this.workers = [];","  this.tlsSessionStore = {};","","  // hacky way to ensure that our cluster is a locally loaded one","  // use this until https://github.com/joyent/node/pull/3367 is merged","  var oldCluster = require.cache[require.resolve('cluster')];","  delete require.cache[require.resolve('cluster')];","  var cluster = this.cluster = require('cluster');","  require.cache[require.resolve('cluster')] = oldCluster;","","  this.cluster.setupMaster({","    exec: path.join(__dirname, 'worker.js'),","    args: []","  });","","  this.autoRestartWorkers = true;","","  var self = this;","  cluster.on('exit', function(worker, code, signal) {","    if (!self.autoRestartWorkers) {","      return;","    }","    self.logError(\"Worker \" + worker.id + \" failed with code \" + code + \"/\" + signal + \" ... starting replacement\");","    workers[worker.id - 1] = undefined;","    var newWorker = initWorker.call(self, function() {","      self.logNotice(\"Worker \" + newWorker.id + \" started in place of worker \" + worker.id);","      workers[newWorker.id - 1] = newWorker;","    });","  });","","}","","function initWorker(cb) {","  var self = this;","  var worker = this.cluster.fork();","  worker.sendMessage = function(type, data) {","    worker.send(JSONfn.stringify({","      type: type,","      data: data","    }));","  };","","  worker.sendMessage('start', {","    config: this.config,","    token: this.token","  });","  worker.emitter = new EventEmitter();","  worker.on(\"message\", function(msg) {","    msg = JSON.parse(msg);","    process.emit('msg:' + msg.type, msg.data, worker);","    worker.emit('msg:' + msg.type, msg.data);","    worker.emit('msg', {","      type: msg.type,","      data: msg.data","    });","  });","","  worker.once('msg:started', function(err) {","    cb(err);","  });","  worker.on('msg:exception', function(err) {","    exitIfEACCES.call(self, err);","  });","","  worker.on('msg:tlsSession:set', function(msg) {","    self.tlsSessionStore[msg.id] = {","      data: msg.data,","      created: new Date()","    };","  });","","  worker.on('msg:tlsSession:get', function(id) {","    var data = '';","    if (self.tlsSessionStore[id]) {","      data = self.tlsSessionStore[id].data;","    }","    worker.sendMessage('session:' + id, data);","  });","","  return worker;","}","","HttpMaster.prototype = Object.create(EventEmitter.prototype);","","HttpMaster.prototype.logNotice = function(msg) {","  this.emit('logNotice', msg);","};","","HttpMaster.prototype.logError = function(msg) {","  this.emit('logError', msg);","};","","function preprocessPortConfig(config, cb) {","  var self = this;","  if (conf
[...]
0,"5":0},"fnMap":{"1":{"name":"WebsockifyMiddleware","line":5,"loc":{"start":{"line":5,"column":17},"end":{"line":5,"column":49}}},"2":{"name":"(anonymous_2)","line":7,"loc":{"start":{"line":7,"column":20},"end":{"line":7,"column":58}}},"3":{"name":"(anonymous_3)","line":21,"loc":{"start":{"line":21,"column":29},"end":{"line":21,"column":43}}},"4":{"name":"(anonymous_4)","line":26,"loc":{"start":{"line":26,"column":91},"end":{"line":26,"column":102}}},"5":{"name":"(anonymous_5)","line":32,"loc":{"start":{"line":32,"column":17},"end":{"line":32,"column":33}}}},"statementMap":{"1":{"start":{"line":1,"column":0},"end":{"line":1,"column":53}},"2":{"start":{"line":2,"column":0},"end":{"line":2,"column":25}},"3":{"start":{"line":3,"column":0},"end":{"line":3,"column":25}},"4":{"start":{"line":5,"column":0},"end":{"line":38,"column":2}},"5":{"start":{"line":6,"column":2},"end":{"line":37,"column":4}},"6":{"start":{"line":8,"column":6},"end":{"line":29,"column":7}},"7":{"start":{"line":9,"column":8},"end":{"line":9,"column":38}},"8":{"start":{"line":11,"column":8},"end":{"line":11,"column":40}},"9":{"start":{"line":13,"column":8},"end":{"line":15,"column":9}},"10":{"start":{"line":14,"column":10},"end":{"line":14,"column":51}},"11":{"start":{"line":16,"column":8},"end":{"line":18,"column":9}},"12":{"start":{"line":17,"column":10},"end":{"line":17,"column":42}},"13":{"start":{"line":19,"column":8},"end":{"line":19,"column":56}},"14":{"start":{"line":21,"column":8},"end":{"line":25,"column":11}},"15":{"start":{"line":22,"column":10},"end":{"line":24,"column":11}},"16":{"start":{"line":23,"column":12},"end":{"line":23,"column":33}},"17":{"start":{"line":26,"column":8},"end":{"line":28,"column":11}},"18":{"start":{"line":27,"column":10},"end":{"line":27,"column":41}},"19":{"start":{"line":30,"column":6},"end":{"line":30,"column":13}},"20":{"start":{"line":33,"column":6},"end":{"line":35,"column":8}}},"branchMap":{"1":{"line":8,"type":"if","locations":[{"start":{"line":8,"column":6},"end":{"line":8,"column":6}},{"start":{"line":8,"column":6},"end":{"line":8,"column":6}}]},"2":{"line":13,"type":"if","locations":[{"start":{"line":13,"column":8},"end":{"line":13,"column":8}},{"start":{"line":13,"column":8},"end":{"line":13,"column":8}}]},"3":{"line":16,"type":"if","locations":[{"start":{"line":16,"column":8},"end":{"line":16,"column":8}},{"start":{"line":16,"column":8},"end":{"line":16,"column":8}}]},"4":{"line":22,"type":"if","locations":[{"start":{"line":22,"column":10},"end":{"line":22,"column":10}},{"start":{"line":22,"column":10},"end":{"line":22,"column":10}}]},"5":{"line":26,"type":"binary-expr","locations":[{"start":{"line":26,"column":52},"end":{"line":26,"column":73}},{"start":{"line":26,"column":77},"end":{"line":26,"column":88}}]}},"code":["var regexpHelper = require('../../src/regexpHelper');","var net = require('net');","var url = require('url');","","module.exports = function WebsockifyMiddleware() {","  return {","    requestHandler: function(req, res, next, parsedEntry) {","      if(req.upgrade) {","        var socket = new net.Socket();","","        var target = parsedEntry.target;","","        if (req.match) {","          target = regexpHelper(target, req.match);","        }","        if(target.match(/^(\\d+)$/)) {","          target = 'localhost:' +  target;","        }","        var parsedTarget = url.parse('tcp://' + target);","","        socket.once('error', function(err) {","          if(req.connection) {","            req.connection.end();","          }","        });","        socket.connect(parseInt(parsedTarget.port), parsedTarget.hostname || 'localhost',  function() {","          websockifyService(req, socket);","        });","      }","      next();","    },","    entryParser: function(entry) {","      return {","        target: entry","      };","    }","  };","};"],"l":{"1":1,"2":1,"3":1,"5":1,"6":0,"8":0,"9":0,"11":0,"13":0,"14":0,"16":0,"17":0,"19":0,"21":0,"22":0,"23":0,"26":0,"27":0,"30":0,"33":0}},"/home/travis/build/npmtest/node-npmtest-http-master/node_modules/http-master/modules/services/comm.js":{"path":"/home/travis/build/npmtest/node-npmtest-http-master/node_modules/http-master/modules/services/comm.js","s":{"1":1,"2":0,"3":0,"4":0,"5":0,"6":0,"7":0,"8":0,"9":0,"10":0,"11":0,"12":0,"13":0,"14":0,"15":0,"16":0,"17":0,"18":0,"19":0,"20":0,"21":0,"22":0,"23":0,"24":0,"25":0,"26":0,"27":0,"28":0,"29":0,"30":0,"31":0,"32":0,"33":0,"34":0,"35":0,"36":0,"37":0,"38":0,"39":0},"b":{"1":[0,0],"2":[0,0],"3":[0,0],"4":[0,0],"5":[0,0],"6":[0,0],"7":[0,0]},"f":{"1":0,"2":0,"3":0,"4":0,"5":0,"6":0,"7":0,"8":0,"9":0,"10":0},"fnMap":{"1":{"name":"CommService","line":2,"loc":{"start":{"line":2,"column":17},"end":{"line":2,"column":62}}},"2":{"name":"(anonymous_2)","line":9,"loc":{"start":{"line":9,"column":11},"end":{"line":9,"column":31}}},"3":{"name":"(anonymous_3)","line":11,"loc":{"start":{"line":11,"column":12},"end":{"line":11,"column":25}}},"4":{"name":"(anonymous_4)","line":12,"loc":{"start":{"line":12,"column":33},"end":{"line":12,"column":50}}},"5":{"name":"(anonymous_5)","line":16,"loc":{"start":{"line":16,"column":17},"end":{"line":16,"column":33}}},"6":{"name":"(anonymous_6)","line":27,"loc":{"start":{"line":27,"column":10},"end":{"line":27,"column":21}}},"7":{"name":"(anonymous_7)","line":45,"loc":{"start":{"line":45,"column":11},"end":{"line":45,"column":31}}},"8":{"name":"(anonymous_8)","line":47,"loc":{"start":{"line":47,"column":15},"end":{"line":47,"column":32}}},"9":{"name":"(anonymous_9)","line":68,"loc":{"start":{"line":68,"column":12},"end":{"line":68,"column":25}}},"10":{"name":"(anonymous_10)","line":71,"loc":{"start":{"line":71,"column":10},"end":{"line":71,"column":21}}}},"statementMap":{"1":{"start":{"line":2,"column":0},"end":{"line":79,"column":1}},"2":{"start":{"line":3,"column":2},"end":{"line":3,"column":28}},"3":{"start":{"line":4,"column":2},"end":{"line":4,"column":36}},"4":{"start":{"line":5,"column":2},"end":{"line":5,"column":40}},"5":{"start":{"line":6,"column":2},"end":{"line":6,"column":29}},"6":{"start":{"line":8,"column":2},"end":{"line":78,"column":3}},"7":{"start":{"line":9,"column":4},"end":{"line":31,"column":6}},"8":{"start":{"line":10,"column":6},"end":{"line":30,"column":7}},"9":{"start":{"line":12,"column":10},"end":{"line":14,"column":13}},"10":{"start":{"line":13,"column":12},"end":{"line":13,"column":61}},"11":{"start":{"line":17,"column":10},"end":{"line":25,"column":13}},"12":{"start":{"line":18,"column":12},"end":{"line":24,"column":15}},"13":{"start":{"line":18,"column":41},"end":{"line":18,"column":70}},"14":{"start":{"line":19,"column":14},"end":{"line":19,"column":56}},"15":{"start":{"line":21,"column":14},"end":{"line":23,"column":16}},"16":{"start":{"line":28,"column":10},"end":{"line":28,"column":57}},"17":{"start":{"line":32,"column":9},"end":{"line":78,"column":3}},"18":{"start":{"line":33,"column":4},"end":{"line":33,"column":24}},"19":{"start":{"line":35,"column":4},"end":{"line":43,"column":7}},"20":{"start":{"line":36,"column":6},"end":{"line":42,"column":7}},"21":{"start":{"line":37,"column":8},"end":{"line":41,"column":9}},"22":{"start":{"line":38,"column":10},"end":{"line":38,"column":53}},"23":{"start":{"line":40,"column":10},"end":{"line":40,"column":41}},"24":{"start":{"line":45,"column":4},"end":{"line":77,"column":5}},"25":{"start":{"line":46,"column":6},"end":{"line":74,"column":8}},"26":{"start":{"line":48,"column":10},"end":{"line":66,"column":40}},"27":{"start":{"line":49,"column":12},"end":{"line":49,"column":35}},"28":{"start":{"line":50,"column":12},"end":{"line":53,"column":14}},"29":{"start":{"line":51,"column":14},"end":{"line":51,"column":40}},"30":{"start":{"line":52,"column":14},"end":{"line":52,"column":28}},"31":{"start":{"line":54,"column":12},"end":{"line":60,"column":14}},"32":{"start":{"line":55,"column":14},"end":{"line":55,"column":40}},"33":{"start":{"line":56,"column":14},"end":{"line":58,"column":15}},"34":{"start":{"line":57,"column":16},"end":{"line":57,"column":37}},"35":{"start":{"line":59,"column":14},"end":{"line":59,"column":26}},"36":{"start":{"line":62,"column":12},"end":{"line":65,"column":15}},"37":{"start":{"line":69,"column":10},"end":{"line":69,"column":59}},"38":{"start":{"line":72,"column":10},"end":{"line":72,"column":57}},"39":{"start":{"line":76,"column":6},"end":{"line":76,"column":29}}},"branchMap":{"1":{"line":5,"type":"cond-expr","locations":[{"start":{"line":5,"column":26},"end":{"line":5,"column":32}},{"start":{"line":5,"column":33},"end":{"line":5,"column":39}}]},"2":{"line":8,"type":"if","locations":[{"start":{"line":8,"column":2},"end":{"line":8,"column":2}},{"start":{"line":8,"column":2},"end":{"line":8,"column":2}}]},"3":{"line":32,"type":"if","locations":[{"start":{"line":32,"column":9},"end":{"line":32,"column":9}},{"start":{"line":32,"column":9},"end":{"line":32,"column":9}}]},"4":{"line":36,"type":"if","locations":[{"start":{"line":36,"column":6},"end":{"line":36,"column":6}},{"start":{"line":36,"column":6},"end":{"line":36,"column":6}}]},"5":{"line":37,"type":"if","locations":[{"start":{"line":37,"column":8},"end":{"line":37,"column":8}},{"start":{"line":37,"column":8},"end":{"line":37,"column":8}}]},"6":{"line":37,"type":"binary-expr","locations":[{"start":{"line":37,"column":11},"end":{"line":37,"column":19}},{"start":{"line":37,"column":23},"end":{"line":37,"column":37}}]},"7":{"line":56,"type":"if","locations":[{"start":{"line":56,"column":14},"end":{"line":56,"column":14}},{"start":{"line":56,"column":14},"end":{"line":56,"column":14}}]}},"code":["'use strict';","module.exports = function CommService(events, master, worker) {","  let processListeners = [];","  let Promise = require('bluebird');","  let controller = master?master:worker;","  let uuid = require('uuid');","","  if(master) {","    return function(namespace) {","      return {","        send(name, data) {","          master.workers.forEach(function(worker) {","            worker.sendMessage(namespace + ':' + name, data);","          });","        },","        onRequest(name, handler) {","          events.on('msg:' + namespace + ':request:' + name, (reqData, worker) => {","            Promise.resolve().then(() => handler(reqData.data, worker)).then(resData => {","              worker.sendMessage(reqData.uuid, resData);;","            }).catch(err => {","              worker.sendMessage(reqData.uuid, {","                error: err.message","              })","            });","          });","        },","        on(name, cb) {","          events.on('msg:' + namespace + ':' + name, cb);","        }","      }","    };","  } else if(worker) {","    let requestMap = {};","    ","    process.on('msg', msg => {","      if(requestMap[msg.type]) {","        if(msg.data && msg.data.error) {","          requestMap[msg.type].error(msg.data.error);","        } else {","          requestMap[msg.type](msg.data);","        }","      }","    });","    ","    return function(namespace) {","      let workerInterface = {","        request(name, data, cb) {","          return new Promise((resolve, reject) => {","            let __uuid = uuid.v4();","            requestMap[__uuid] = data => {","              delete requestMap[__uuid];","              resolve(data);","            };","            requestMap[__uuid].error = err => {","              delete requestMap[__uuid];","              if(!(err instanceof Error)) {","                err = new Error(err);","              }","              reject(err);","            };","            ","            worker.sendMessage(namespace + ':request:' + name, {","              data: data,","              uuid: __uuid","            });","          }).timeout(10000).nodeify(cb);","        },","        send(name, data) {","          worker.sendMessage(namespace + ':' + name, data);","        },","        on(name, cb) {","          events.on('msg:' + namespace + ':' + name, cb);","        }","      };","      ","      return workerInterface;","    }","  }","}",""],"l":{"2":1,"3":0,"4":0,"5":0,"6":0,"8":0,"9":0,"10":0,"12":0,"13":0,"17":0,"18":0,"19":0,"21":0,"28":0,"32":0,"33":0,"35":0,"36":0,"37":0,"38":0,"40":0,"45":0,"46":0,"48":0,"49":0,"50":0,"51":0,"52":0,"54":0,"55":0,"56":0,"57":0,"59":0,"62":0,"69":0,"72":0,"76":0}},"/home/travis/build/npmtest/node-npmtest-http-master/node_modules/http-master/modules/services/logFile.js":{"path":"/home/travis/build/npmtest/node-npmtest-http-master/node_modules/http-master/modules/services/logFile.js","s":{"1":1,"2":1,"3":1,"4":0,"5":0,"6":0,"7":0,"8":0,"9":0,"10":0,"11":0,"12":0,"13":0,"14":1,"15":0,"16":0,"17":0,"18":0,"19":0,"20":0,"21":0,"22":0,"23":0,"24":0,"25":0,"26":0,"27":0,"28":0,"29":0,"30":0,"31":0,"32":0,"33":0,"34":0,"35":0,"36":0,"37":0,"38":0,"39":0},"b":{"1":[0,0],"2":[0,0],"3":[0,0],"4":[0,0],"5":[0,0],"6":[0,0],"7":[0,0]},"f":{"1":0,"2":0,"3":0,"4":0,"5":0,"6":0,"7":0,"8":0,"9":0,"10":0},"fnMap":{"1":{"name":"LogFileService","line":4,"loc":{"start":{"line":4,"column":17},"end":{"line":4,"column":78}}},"2":{"name":"(anonymous_2)","line":14,"loc":{"start":{"line":14,"column":26},"end":{"line":14,"column":44}}},"3":{"name":"openLogFile","line":21,"loc":{"start":{"line":21,"column":6},"end":{"line":21,"column":36}}},"4":{"name":"(anonymous_4)","line":30,"loc":{"start":{"line":30,"column":33},"end":{"line":30,"column":64}}},"5":{"name":"(anonymous_5)","line":34,"loc":{"start":{"line":34,"column":28},"end":{"line":34,"column":39}}},"6":{"name":"(anonymous_6)","line":35,"loc":{"start":{"line":35,"column":36},"end":{"line":35,"column":63}}},"7":{"name":"(anonymous_7)","line":46,"loc":{"start":{"line":46,"column":34},"end":{"line":46,"column":49}}},"8":{"name":"(anonymous_8)","line":51,"loc":{"start":{"line":51,"column":15},"end":{"line":51,"column":30}}},"9":{"name":"(anonymous_9)","line":64,"loc":{"start":{"line":64,"column":11},"end":{"line":64,"column":29}}},"10":{"name":"(anonymous_10)","line":67,"loc":{"start":{"line":67,"column":15},"end":{"line":67,"column":30}}}},"statementMap":{"1":{"start":{"line":1,"column":0},"end":{"line":1,"column":23}},"2":{"start":{"line":2,"column":0},"end":{"line":2,"column":38}},"3":{"start":{"line":4,"column":0},"end":{"line":73,"column":2}},"4":{"start":{"line":6,"column":2},"end":{"line":6,"column":36}},"5":{"start":{"line":8,"column":2},"end":{"line":8,"column":27}},"6":{"start":{"line":10,"column":2},"end":{"line":10,"column":25}},"7":{"start":{"line":11,"column":2},"end":{"line":11,"column":27}},"8":{"start":{"line":13,"column":2},"end":{"line":72,"column":3}},"9":{"start":{"line":14,"column":4},"end":{"line":57,"column":6}},"10":{"start":{"line":15,"column":6},"end":{"line":16,"column":40}},"11":{"start":{"line":16,"column":8},"end":{"line":16,"column":40}},"12":{"start":{"line":18,"column":6},"end":{"line":18,"column":16}},"13":{"start":{"line":19,"column":6},"end":{"line":19,"column":17}},"14":{"start":{"line":21,"column":6},"end":{"line":43,"column":7}},"15":{"start":{"line":22,"column":8},"end":{"line":25,"column":9}},"16":{"start":{"line":23,"column":10},"end":{"line":23,"column":36}},"17":{"start":{"line":24,"column":10},"end":{"line":24,"column":24}},"18":{"start":{"line":26,"column":8},"end":{"line":28,"column":11}},"19":{"start":{"line":29,"column":8},"end":{"line":33,"column":9}},"20":{"start":{"line":30,"column":10},"end":{"line":32,"column":13}},"21":{"start":{"line":31,"column":12},"end":{"line":31,"column":47}},"22":{"start":{"line":34,"column":8},"end":{"line":41,"column":11}},"23":{"start":{"line":35,"column":10},"end":{"line":40,"column":13}},"24":{"start":{"line":36,"column":12},"end":{"line":39,"column":13}},"25":{"start":{"line":37,"column":14},"end":{"line":37,"column":28}},"26":{"start":{"line":38,"column":14},"end":{"line":38,"column":35}},"27":{"start":{"line":42,"column":8},"end":{"line":42,"column":22}},"28":{"start":{"line":44,"column":6},"end":{"line":44,"column":27}},"29":{"start":{"line":46,"column":6},"end":{"line":48,"column":9}},"30":{"start":{"line":47,"column":8},"end":{"line":47,"column":27}},"31":{"start":{"line":50,"column":6},"end":{"line":54,"column":8}},"32":{"start":{"line":52,"column":10},"end":{"line":52,"column":29}},"33":{"start":{"line":56,"column":6},"end":{"line":56,"column":38}},"34":{"start":{"line":59,"column":4},"end":{"line":59,"column":37}},"35":{"start":{"line":61,"column":4},"end":{"line":61,"column":27}},"36":{"start":{"line":64,"column":4},"end":{"line":71,"column":6}},"37":{"start":{"line":65,"column":6},"end":{"line":65,"column":33}},"38":{"start":{"line":66,"column":6},"end":{"line":70,"column":7}},"39":{"start":{"line":68,"column":10},"end":{"line":68,"column":46}}},"branchMap":{"1":{"line":13,"type":"if","locations":[{"start":{"line":13,"column":2},"end":{"line":13,"column":2}},{"start":{"line":13,"column":2},"end":{"line":13,"column":2}}]},"2":{"line":15,"type":"if","locations":[{"start":{"line":15,"column":6},"end":{"line":15,"column":6}},{"start":{"line":15,"column":6},"end":{"line":15,"column":6}}]},"3":{"line":22,"type":"if","locations":[{"start":{"line":22,"column":8},"end":{"line":22,"column":8}},{"start":{"line":22,"column":8},"end":{"line":22,"column":8}}]},"4":{"line":22,"type":"binary-expr","locations":[{"start":{"line":22,"column":11},"end":{"line":22,"column":31}},{"start":{"line":22,"column":35},"end":{"line":22,"column":55}}]},"5":{"line":29,"type":"if","locations":[{"start":{"line":29,"column":8},"end":{"line":29,"column":8}},{"start":{"line":29,"column":8},"end":{"line":29,"column":8}}]},"6":{"line":29,"type":"binary-expr","locations":[{"start":{"line":29,"column":11},"end":{"line":29,"column":15}},{"start":{"line":29,"column":19},"end":{"line":29,"column":24}}]},"7":{"line":36,"type":"if","locations":[{"start":{"line":36,"column":12},"end":{"line":36,"column":12}},{"start":{"line":36,"column":12},"end":{"line":36,"column":12}}]}},"code":["var fs = require('fs');","var uidNumber = require('uid-number');","","module.exports = function LogFileService(config, commService, master, worker) {","","  var comm = commService('logFile');","","  var logFileHandlers = {};","","  var user = config.user;","  var group = config.group;","","  if(master) {","    var serviceFunction = function(logFile) {","      if(logFileHandlers[logFile])","        return logFileHandlers[logFile];","","      var watch;","      var stream;","","      function openLogFile(logFile) {","        if(logFile === 'stdout' || logFile === 'stderr') {","          stream = process[logFile];","          return stream;","        }","        stream = fs.createWriteStream(logFile, {","          'flags': 'a'","        });","        if(user || group) {","          uidNumber(user, group, function(err, userId, groupId) {","            fs.chown(logFile, userId, groupId);","          });","        }","        stream.once('open', function() {","          watch = fs.watch(logFile, function(action, filename) {","            if (action == 'rename') {","              watch.close();","              openLogFile(logFile);","            }","          });","        });","        return stream;","      }","      openLogFile(logFile);","","      comm.on('write:' + logFile, function(data) {","        stream.write(data);","      });","","      logFileHandlers[logFile] = {","        write: function(data) {","          stream.write(data);","        }","      };","","      return logFileHandlers[logFile];","    };","","    comm.on('open', serviceFunction);","","    return serviceFunction;","","  } else {","    return function(logFile) {","      comm.send('open', logFile);","      return {","        write: function(data) {","          comm.send('write:' + logFile, data);","        }","      }","    };","  }","};",""],"l":{"1":1,"2":1,"4":1,"6":0,"8":0,"10":0,"11":0,"13":0,"14":0,"15":0,"16":0,"18":0,"19":0,"21":1,"22":0,"23":0,"24":0,"26":0,"29":0,"30":0,"31":0,"34":0,"35":0,"36":0,"37":0,"38":0,"42":0,"44":0,"46":0,"47":0,"50":0,"52":0,"56":0,"59":0,"61":0,"64":0,"65":0,"66":0,"68":0}}}